CRITICAL - 2025-01-21 11:58:31 --> A non-numeric value encountered
in APPPATH/Controllers/InvoiceTracking/Invoice.php on line 477.
 1 APPPATH/Controllers/InvoiceTracking/Invoice.php(477): CodeIgniter\Debug\Exceptions->errorHandler(2, 'A non-numeric value encountered', '/var/www/c30077_004/htdocs/meilInvoiceTracker/app/Controllers/InvoiceTracking/Invoice.php', 477, [...])
 2 SYSTEMPATH/CodeIgniter.php(942): App\Controllers\InvoiceTracking\Invoice->update('update')
 3 SYSTEMPATH/CodeIgniter.php(502): CodeIgniter\CodeIgniter->runController(Object(App\Controllers\InvoiceTracking\Invoice))
 4 SYSTEMPATH/CodeIgniter.php(361): CodeIgniter\CodeIgniter->handleRequest(null, Object(Config\Cache), false)
 5 FCPATH/index.php(80): CodeIgniter\CodeIgniter->run()
CRITICAL - 2025-01-21 11:59:06 --> A non-numeric value encountered
in APPPATH/Controllers/InvoiceTracking/Invoice.php on line 477.
 1 APPPATH/Controllers/InvoiceTracking/Invoice.php(477): CodeIgniter\Debug\Exceptions->errorHandler(2, 'A non-numeric value encountered', '/var/www/c30077_004/htdocs/meilInvoiceTracker/app/Controllers/InvoiceTracking/Invoice.php', 477, [...])
 2 SYSTEMPATH/CodeIgniter.php(942): App\Controllers\InvoiceTracking\Invoice->update('update')
 3 SYSTEMPATH/CodeIgniter.php(502): CodeIgniter\CodeIgniter->runController(Object(App\Controllers\InvoiceTracking\Invoice))
 4 SYSTEMPATH/CodeIgniter.php(361): CodeIgniter\CodeIgniter->handleRequest(null, Object(Config\Cache), false)
 5 FCPATH/index.php(80): CodeIgniter\CodeIgniter->run()
CRITICAL - 2025-01-21 11:59:46 --> A non-numeric value encountered
in APPPATH/Controllers/InvoiceTracking/Invoice.php on line 477.
 1 APPPATH/Controllers/InvoiceTracking/Invoice.php(477): CodeIgniter\Debug\Exceptions->errorHandler(2, 'A non-numeric value encountered', '/var/www/c30077_004/htdocs/meilInvoiceTracker/app/Controllers/InvoiceTracking/Invoice.php', 477, [...])
 2 SYSTEMPATH/CodeIgniter.php(942): App\Controllers\InvoiceTracking\Invoice->update('update')
 3 SYSTEMPATH/CodeIgniter.php(502): CodeIgniter\CodeIgniter->runController(Object(App\Controllers\InvoiceTracking\Invoice))
 4 SYSTEMPATH/CodeIgniter.php(361): CodeIgniter\CodeIgniter->handleRequest(null, Object(Config\Cache), false)
 5 FCPATH/index.php(80): CodeIgniter\CodeIgniter->run()
