INFO - 2025-07-11 13:52:10 --> Session: Class initialized using 'CodeIgniter\Session\Handlers\FileHandler' driver.
INFO - 2025-07-11 19:22:11 --> Session: Class initialized using 'CodeIgniter\Session\Handlers\FileHandler' driver.
INFO - 2025-07-11 19:22:15 --> Session: Class initialized using 'CodeIgniter\Session\Handlers\FileHandler' driver.
INFO - 2025-07-11 19:22:26 --> Session: Class initialized using 'CodeIgniter\Session\Handlers\FileHandler' driver.
WARNING - 2025-07-11 19:22:27 --> [DEPRECATED] explode(): Passing null to parameter #2 ($string) of type string is deprecated in APPPATH/Controllers/User/Login.php on line 48.
 1 APPPATH/Controllers/User/Login.php(48): explode(',', null)
 2 SYSTEMPATH/CodeIgniter.php(942): App\Controllers\User\Login->loginSubmit('loginSubmit')
 3 SYSTEMPATH/CodeIgniter.php(502): CodeIgniter\CodeIgniter->runController(Object(App\Controllers\User\Login))
 4 SYSTEMPATH/CodeIgniter.php(361): CodeIgniter\CodeIgniter->handleRequest(null, Object(Config\Cache), false)
 5 FCPATH/index.php(80): CodeIgniter\CodeIgniter->run()
INFO - 2025-07-11 13:52:27 --> Session: Class initialized using 'CodeIgniter\Session\Handlers\FileHandler' driver.
ERROR - 2025-07-11 13:52:27 --> mysqli_sql_exception: Table 'food_app.module' doesn't exist in /var/www/html/food_app/system/Database/MySQLi/Connection.php:306
Stack trace:
#0 /var/www/html/food_app/system/Database/MySQLi/Connection.php(306): mysqli->query()
#1 /var/www/html/food_app/system/Database/BaseConnection.php(693): CodeIgniter\Database\MySQLi\Connection->execute()
#2 /var/www/html/food_app/system/Database/BaseConnection.php(607): CodeIgniter\Database\BaseConnection->simpleQuery()
#3 /var/www/html/food_app/system/Database/BaseBuilder.php(1615): CodeIgniter\Database\BaseConnection->query()
#4 /var/www/html/food_app/system/Model.php(264): CodeIgniter\Database\BaseBuilder->get()
#5 /var/www/html/food_app/system/BaseModel.php(662): CodeIgniter\Model->doFirst()
#6 /var/www/html/food_app/app/Libraries/Authentication.php(69): CodeIgniter\BaseModel->first()
#7 /var/www/html/food_app/app/Libraries/Authentication.php(50): App\Libraries\Authentication->getModuleId()
#8 /var/www/html/food_app/app/Filters/ModuleAuth.php(26): App\Libraries\Authentication->checkModuleAccess()
#9 /var/www/html/food_app/system/Filters/Filters.php(184): App\Filters\ModuleAuth->before()
#10 /var/www/html/food_app/system/CodeIgniter.php(474): CodeIgniter\Filters\Filters->run()
#11 /var/www/html/food_app/system/CodeIgniter.php(361): CodeIgniter\CodeIgniter->handleRequest()
#12 /var/www/html/food_app/public/index.php(80): CodeIgniter\CodeIgniter->run()
#13 {main}
CRITICAL - 2025-07-11 13:52:27 --> Table 'food_app.module' doesn't exist
in SYSTEMPATH/Database/BaseConnection.php on line 647.
 1 SYSTEMPATH/Database/BaseBuilder.php(1615): CodeIgniter\Database\BaseConnection->query()
 2 SYSTEMPATH/Model.php(264): CodeIgniter\Database\BaseBuilder->get()
 3 SYSTEMPATH/BaseModel.php(662): CodeIgniter\Model->doFirst()
 4 APPPATH/Libraries/Authentication.php(69): CodeIgniter\BaseModel->first()
 5 APPPATH/Libraries/Authentication.php(50): App\Libraries\Authentication->getModuleId()
 6 APPPATH/Filters/ModuleAuth.php(26): App\Libraries\Authentication->checkModuleAccess()
 7 SYSTEMPATH/Filters/Filters.php(184): App\Filters\ModuleAuth->before()
 8 SYSTEMPATH/CodeIgniter.php(474): CodeIgniter\Filters\Filters->run()
 9 SYSTEMPATH/CodeIgniter.php(361): CodeIgniter\CodeIgniter->handleRequest()
10 FCPATH/index.php(80): CodeIgniter\CodeIgniter->run()
INFO - 2025-07-11 13:54:45 --> Session: Class initialized using 'CodeIgniter\Session\Handlers\FileHandler' driver.
ERROR - 2025-07-11 13:54:45 --> mysqli_sql_exception: Unknown column 'url' in 'where clause' in /var/www/html/food_app/system/Database/MySQLi/Connection.php:306
Stack trace:
#0 /var/www/html/food_app/system/Database/MySQLi/Connection.php(306): mysqli->query()
#1 /var/www/html/food_app/system/Database/BaseConnection.php(693): CodeIgniter\Database\MySQLi\Connection->execute()
#2 /var/www/html/food_app/system/Database/BaseConnection.php(607): CodeIgniter\Database\BaseConnection->simpleQuery()
#3 /var/www/html/food_app/system/Database/BaseBuilder.php(1615): CodeIgniter\Database\BaseConnection->query()
#4 /var/www/html/food_app/system/Model.php(264): CodeIgniter\Database\BaseBuilder->get()
#5 /var/www/html/food_app/system/BaseModel.php(662): CodeIgniter\Model->doFirst()
#6 /var/www/html/food_app/app/Libraries/Authentication.php(69): CodeIgniter\BaseModel->first()
#7 /var/www/html/food_app/app/Libraries/Authentication.php(50): App\Libraries\Authentication->getModuleId()
#8 /var/www/html/food_app/app/Filters/ModuleAuth.php(26): App\Libraries\Authentication->checkModuleAccess()
#9 /var/www/html/food_app/system/Filters/Filters.php(184): App\Filters\ModuleAuth->before()
#10 /var/www/html/food_app/system/CodeIgniter.php(474): CodeIgniter\Filters\Filters->run()
#11 /var/www/html/food_app/system/CodeIgniter.php(361): CodeIgniter\CodeIgniter->handleRequest()
#12 /var/www/html/food_app/public/index.php(80): CodeIgniter\CodeIgniter->run()
#13 {main}
CRITICAL - 2025-07-11 13:54:45 --> Unknown column 'url' in 'where clause'
in SYSTEMPATH/Database/BaseConnection.php on line 647.
 1 SYSTEMPATH/Database/BaseBuilder.php(1615): CodeIgniter\Database\BaseConnection->query()
 2 SYSTEMPATH/Model.php(264): CodeIgniter\Database\BaseBuilder->get()
 3 SYSTEMPATH/BaseModel.php(662): CodeIgniter\Model->doFirst()
 4 APPPATH/Libraries/Authentication.php(69): CodeIgniter\BaseModel->first()
 5 APPPATH/Libraries/Authentication.php(50): App\Libraries\Authentication->getModuleId()
 6 APPPATH/Filters/ModuleAuth.php(26): App\Libraries\Authentication->checkModuleAccess()
 7 SYSTEMPATH/Filters/Filters.php(184): App\Filters\ModuleAuth->before()
 8 SYSTEMPATH/CodeIgniter.php(474): CodeIgniter\Filters\Filters->run()
 9 SYSTEMPATH/CodeIgniter.php(361): CodeIgniter\CodeIgniter->handleRequest()
10 FCPATH/index.php(80): CodeIgniter\CodeIgniter->run()
INFO - 2025-07-11 13:55:14 --> Session: Class initialized using 'CodeIgniter\Session\Handlers\FileHandler' driver.
ERROR - 2025-07-11 13:55:14 --> mysqli_sql_exception: Unknown column 'status' in 'where clause' in /var/www/html/food_app/system/Database/MySQLi/Connection.php:306
Stack trace:
#0 /var/www/html/food_app/system/Database/MySQLi/Connection.php(306): mysqli->query()
#1 /var/www/html/food_app/system/Database/BaseConnection.php(693): CodeIgniter\Database\MySQLi\Connection->execute()
#2 /var/www/html/food_app/system/Database/BaseConnection.php(607): CodeIgniter\Database\BaseConnection->simpleQuery()
#3 /var/www/html/food_app/system/Database/BaseBuilder.php(1615): CodeIgniter\Database\BaseConnection->query()
#4 /var/www/html/food_app/system/Model.php(264): CodeIgniter\Database\BaseBuilder->get()
#5 /var/www/html/food_app/system/BaseModel.php(662): CodeIgniter\Model->doFirst()
#6 /var/www/html/food_app/app/Libraries/Authentication.php(69): CodeIgniter\BaseModel->first()
#7 /var/www/html/food_app/app/Libraries/Authentication.php(50): App\Libraries\Authentication->getModuleId()
#8 /var/www/html/food_app/app/Filters/ModuleAuth.php(26): App\Libraries\Authentication->checkModuleAccess()
#9 /var/www/html/food_app/system/Filters/Filters.php(184): App\Filters\ModuleAuth->before()
#10 /var/www/html/food_app/system/CodeIgniter.php(474): CodeIgniter\Filters\Filters->run()
#11 /var/www/html/food_app/system/CodeIgniter.php(361): CodeIgniter\CodeIgniter->handleRequest()
#12 /var/www/html/food_app/public/index.php(80): CodeIgniter\CodeIgniter->run()
#13 {main}
CRITICAL - 2025-07-11 13:55:14 --> Unknown column 'status' in 'where clause'
in SYSTEMPATH/Database/BaseConnection.php on line 647.
 1 SYSTEMPATH/Database/BaseBuilder.php(1615): CodeIgniter\Database\BaseConnection->query()
 2 SYSTEMPATH/Model.php(264): CodeIgniter\Database\BaseBuilder->get()
 3 SYSTEMPATH/BaseModel.php(662): CodeIgniter\Model->doFirst()
 4 APPPATH/Libraries/Authentication.php(69): CodeIgniter\BaseModel->first()
 5 APPPATH/Libraries/Authentication.php(50): App\Libraries\Authentication->getModuleId()
 6 APPPATH/Filters/ModuleAuth.php(26): App\Libraries\Authentication->checkModuleAccess()
 7 SYSTEMPATH/Filters/Filters.php(184): App\Filters\ModuleAuth->before()
 8 SYSTEMPATH/CodeIgniter.php(474): CodeIgniter\Filters\Filters->run()
 9 SYSTEMPATH/CodeIgniter.php(361): CodeIgniter\CodeIgniter->handleRequest()
10 FCPATH/index.php(80): CodeIgniter\CodeIgniter->run()
INFO - 2025-07-11 19:26:54 --> Session: Class initialized using 'CodeIgniter\Session\Handlers\FileHandler' driver.
INFO - 2025-07-11 14:00:00 --> Session: Class initialized using 'CodeIgniter\Session\Handlers\FileHandler' driver.
ERROR - 2025-07-11 14:00:00 --> mysqli_sql_exception: Unknown column 'module.deleted_at' in 'where clause' in /var/www/html/food_app/system/Database/MySQLi/Connection.php:306
Stack trace:
#0 /var/www/html/food_app/system/Database/MySQLi/Connection.php(306): mysqli->query()
#1 /var/www/html/food_app/system/Database/BaseConnection.php(693): CodeIgniter\Database\MySQLi\Connection->execute()
#2 /var/www/html/food_app/system/Database/BaseConnection.php(607): CodeIgniter\Database\BaseConnection->simpleQuery()
#3 /var/www/html/food_app/system/Database/BaseBuilder.php(1615): CodeIgniter\Database\BaseConnection->query()
#4 /var/www/html/food_app/system/Model.php(264): CodeIgniter\Database\BaseBuilder->get()
#5 /var/www/html/food_app/system/BaseModel.php(662): CodeIgniter\Model->doFirst()
#6 /var/www/html/food_app/app/Libraries/Authentication.php(69): CodeIgniter\BaseModel->first()
#7 /var/www/html/food_app/app/Libraries/Authentication.php(50): App\Libraries\Authentication->getModuleId()
#8 /var/www/html/food_app/app/Filters/ModuleAuth.php(26): App\Libraries\Authentication->checkModuleAccess()
#9 /var/www/html/food_app/system/Filters/Filters.php(184): App\Filters\ModuleAuth->before()
#10 /var/www/html/food_app/system/CodeIgniter.php(474): CodeIgniter\Filters\Filters->run()
#11 /var/www/html/food_app/system/CodeIgniter.php(361): CodeIgniter\CodeIgniter->handleRequest()
#12 /var/www/html/food_app/public/index.php(80): CodeIgniter\CodeIgniter->run()
#13 {main}
CRITICAL - 2025-07-11 14:00:00 --> Unknown column 'module.deleted_at' in 'where clause'
in SYSTEMPATH/Database/BaseConnection.php on line 647.
 1 SYSTEMPATH/Database/BaseBuilder.php(1615): CodeIgniter\Database\BaseConnection->query()
 2 SYSTEMPATH/Model.php(264): CodeIgniter\Database\BaseBuilder->get()
 3 SYSTEMPATH/BaseModel.php(662): CodeIgniter\Model->doFirst()
 4 APPPATH/Libraries/Authentication.php(69): CodeIgniter\BaseModel->first()
 5 APPPATH/Libraries/Authentication.php(50): App\Libraries\Authentication->getModuleId()
 6 APPPATH/Filters/ModuleAuth.php(26): App\Libraries\Authentication->checkModuleAccess()
 7 SYSTEMPATH/Filters/Filters.php(184): App\Filters\ModuleAuth->before()
 8 SYSTEMPATH/CodeIgniter.php(474): CodeIgniter\Filters\Filters->run()
 9 SYSTEMPATH/CodeIgniter.php(361): CodeIgniter\CodeIgniter->handleRequest()
10 FCPATH/index.php(80): CodeIgniter\CodeIgniter->run()
INFO - 2025-07-11 14:01:12 --> Session: Class initialized using 'CodeIgniter\Session\Handlers\FileHandler' driver.
INFO - 2025-07-11 19:31:12 --> Session: Class initialized using 'CodeIgniter\Session\Handlers\FileHandler' driver.
CRITICAL - 2025-07-11 19:31:12 --> Undefined variable $css_file
in APPPATH/Views/template/template_admin.php on line 38.
 1 APPPATH/Views/template/template_admin.php(38): CodeIgniter\Debug\Exceptions->errorHandler()
 2 SYSTEMPATH/View/View.php(228): include('/var/www/html/food_app/app/Views/template/template_admin.php')
 3 SYSTEMPATH/View/View.php(231): CodeIgniter\View\View->CodeIgniter\View\{closure}()
 4 SYSTEMPATH/View/View.php(244): CodeIgniter\View\View->render()
 5 SYSTEMPATH/Common.php(1190): CodeIgniter\View\View->render()
 6 APPPATH/Controllers/User/Login.php(94): view()
 7 SYSTEMPATH/CodeIgniter.php(942): App\Controllers\User\Login->accessDenied()
 8 SYSTEMPATH/CodeIgniter.php(502): CodeIgniter\CodeIgniter->runController()
 9 SYSTEMPATH/CodeIgniter.php(361): CodeIgniter\CodeIgniter->handleRequest()
10 FCPATH/index.php(80): CodeIgniter\CodeIgniter->run()
INFO - 2025-07-11 21:38:32 --> Session: Class initialized using 'CodeIgniter\Session\Handlers\FileHandler' driver.
CRITICAL - 2025-07-11 21:38:32 --> Undefined variable $css_file
in APPPATH/Views/template/template_admin.php on line 38.
 1 APPPATH/Views/template/template_admin.php(38): CodeIgniter\Debug\Exceptions->errorHandler()
 2 SYSTEMPATH/View/View.php(228): include('/var/www/html/food_app/app/Views/template/template_admin.php')
 3 SYSTEMPATH/View/View.php(231): CodeIgniter\View\View->CodeIgniter\View\{closure}()
 4 SYSTEMPATH/View/View.php(244): CodeIgniter\View\View->render()
 5 SYSTEMPATH/Common.php(1190): CodeIgniter\View\View->render()
 6 APPPATH/Controllers/User/Login.php(94): view()
 7 SYSTEMPATH/CodeIgniter.php(942): App\Controllers\User\Login->accessDenied()
 8 SYSTEMPATH/CodeIgniter.php(502): CodeIgniter\CodeIgniter->runController()
 9 SYSTEMPATH/CodeIgniter.php(361): CodeIgniter\CodeIgniter->handleRequest()
10 FCPATH/index.php(80): CodeIgniter\CodeIgniter->run()
INFO - 2025-07-11 21:40:17 --> Session: Class initialized using 'CodeIgniter\Session\Handlers\FileHandler' driver.
CRITICAL - 2025-07-11 21:40:17 --> Undefined variable $css_file
in APPPATH/Views/template/template_admin.php on line 39.
 1 APPPATH/Views/template/template_admin.php(39): CodeIgniter\Debug\Exceptions->errorHandler()
 2 SYSTEMPATH/View/View.php(228): include('/var/www/html/food_app/app/Views/template/template_admin.php')
 3 SYSTEMPATH/View/View.php(231): CodeIgniter\View\View->CodeIgniter\View\{closure}()
 4 SYSTEMPATH/View/View.php(244): CodeIgniter\View\View->render()
 5 SYSTEMPATH/Common.php(1190): CodeIgniter\View\View->render()
 6 APPPATH/Controllers/User/Login.php(94): view()
 7 SYSTEMPATH/CodeIgniter.php(942): App\Controllers\User\Login->accessDenied()
 8 SYSTEMPATH/CodeIgniter.php(502): CodeIgniter\CodeIgniter->runController()
 9 SYSTEMPATH/CodeIgniter.php(361): CodeIgniter\CodeIgniter->handleRequest()
10 FCPATH/index.php(80): CodeIgniter\CodeIgniter->run()
INFO - 2025-07-11 21:40:19 --> Session: Class initialized using 'CodeIgniter\Session\Handlers\FileHandler' driver.
CRITICAL - 2025-07-11 21:40:19 --> Undefined variable $css_file
in APPPATH/Views/template/template_admin.php on line 39.
 1 APPPATH/Views/template/template_admin.php(39): CodeIgniter\Debug\Exceptions->errorHandler()
 2 SYSTEMPATH/View/View.php(228): include('/var/www/html/food_app/app/Views/template/template_admin.php')
 3 SYSTEMPATH/View/View.php(231): CodeIgniter\View\View->CodeIgniter\View\{closure}()
 4 SYSTEMPATH/View/View.php(244): CodeIgniter\View\View->render()
 5 SYSTEMPATH/Common.php(1190): CodeIgniter\View\View->render()
 6 APPPATH/Controllers/User/Login.php(94): view()
 7 SYSTEMPATH/CodeIgniter.php(942): App\Controllers\User\Login->accessDenied()
 8 SYSTEMPATH/CodeIgniter.php(502): CodeIgniter\CodeIgniter->runController()
 9 SYSTEMPATH/CodeIgniter.php(361): CodeIgniter\CodeIgniter->handleRequest()
10 FCPATH/index.php(80): CodeIgniter\CodeIgniter->run()
INFO - 2025-07-11 21:40:33 --> Session: Class initialized using 'CodeIgniter\Session\Handlers\FileHandler' driver.
CRITICAL - 2025-07-11 21:40:33 --> Undefined variable $css_file
in APPPATH/Views/template/template_admin.php on line 39.
 1 APPPATH/Views/template/template_admin.php(39): CodeIgniter\Debug\Exceptions->errorHandler()
 2 SYSTEMPATH/View/View.php(228): include('/var/www/html/food_app/app/Views/template/template_admin.php')
 3 SYSTEMPATH/View/View.php(231): CodeIgniter\View\View->CodeIgniter\View\{closure}()
 4 SYSTEMPATH/View/View.php(244): CodeIgniter\View\View->render()
 5 SYSTEMPATH/Common.php(1190): CodeIgniter\View\View->render()
 6 APPPATH/Controllers/User/Login.php(94): view()
 7 SYSTEMPATH/CodeIgniter.php(942): App\Controllers\User\Login->accessDenied()
 8 SYSTEMPATH/CodeIgniter.php(502): CodeIgniter\CodeIgniter->runController()
 9 SYSTEMPATH/CodeIgniter.php(361): CodeIgniter\CodeIgniter->handleRequest()
10 FCPATH/index.php(80): CodeIgniter\CodeIgniter->run()
INFO - 2025-07-11 21:40:58 --> Session: Class initialized using 'CodeIgniter\Session\Handlers\FileHandler' driver.
INFO - 2025-07-11 21:41:30 --> Session: Class initialized using 'CodeIgniter\Session\Handlers\FileHandler' driver.
CRITICAL - 2025-07-11 21:41:30 --> Undefined array key "css"
in APPPATH/Views/template/template_admin.php on line 19.
 1 APPPATH/Views/template/template_admin.php(19): CodeIgniter\Debug\Exceptions->errorHandler()
 2 SYSTEMPATH/View/View.php(228): include('/var/www/html/food_app/app/Views/template/template_admin.php')
 3 SYSTEMPATH/View/View.php(231): CodeIgniter\View\View->CodeIgniter\View\{closure}()
 4 SYSTEMPATH/View/View.php(244): CodeIgniter\View\View->render()
 5 SYSTEMPATH/Common.php(1190): CodeIgniter\View\View->render()
 6 APPPATH/Controllers/User/Login.php(94): view()
 7 SYSTEMPATH/CodeIgniter.php(942): App\Controllers\User\Login->accessDenied()
 8 SYSTEMPATH/CodeIgniter.php(502): CodeIgniter\CodeIgniter->runController()
 9 SYSTEMPATH/CodeIgniter.php(361): CodeIgniter\CodeIgniter->handleRequest()
10 FCPATH/index.php(80): CodeIgniter\CodeIgniter->run()
INFO - 2025-07-11 21:41:56 --> Session: Class initialized using 'CodeIgniter\Session\Handlers\FileHandler' driver.
INFO - 2025-07-11 21:42:05 --> Session: Class initialized using 'CodeIgniter\Session\Handlers\FileHandler' driver.
INFO - 2025-07-11 21:42:44 --> Session: Class initialized using 'CodeIgniter\Session\Handlers\FileHandler' driver.
CRITICAL - 2025-07-11 21:42:44 --> Undefined variable $css_file
in APPPATH/Views/template/template_admin.php on line 40.
 1 APPPATH/Views/template/template_admin.php(40): CodeIgniter\Debug\Exceptions->errorHandler()
 2 SYSTEMPATH/View/View.php(228): include('/var/www/html/food_app/app/Views/template/template_admin.php')
 3 SYSTEMPATH/View/View.php(231): CodeIgniter\View\View->CodeIgniter\View\{closure}()
 4 SYSTEMPATH/View/View.php(244): CodeIgniter\View\View->render()
 5 SYSTEMPATH/Common.php(1190): CodeIgniter\View\View->render()
 6 APPPATH/Controllers/User/Login.php(94): view()
 7 SYSTEMPATH/CodeIgniter.php(942): App\Controllers\User\Login->accessDenied()
 8 SYSTEMPATH/CodeIgniter.php(502): CodeIgniter\CodeIgniter->runController()
 9 SYSTEMPATH/CodeIgniter.php(361): CodeIgniter\CodeIgniter->handleRequest()
10 FCPATH/index.php(80): CodeIgniter\CodeIgniter->run()
INFO - 2025-07-11 21:43:44 --> Session: Class initialized using 'CodeIgniter\Session\Handlers\FileHandler' driver.
CRITICAL - 2025-07-11 21:43:44 --> Undefined variable $css_file
in APPPATH/Views/template/template_admin.php on line 38.
 1 APPPATH/Views/template/template_admin.php(38): CodeIgniter\Debug\Exceptions->errorHandler()
 2 SYSTEMPATH/View/View.php(228): include('/var/www/html/food_app/app/Views/template/template_admin.php')
 3 SYSTEMPATH/View/View.php(231): CodeIgniter\View\View->CodeIgniter\View\{closure}()
 4 SYSTEMPATH/View/View.php(244): CodeIgniter\View\View->render()
 5 SYSTEMPATH/Common.php(1190): CodeIgniter\View\View->render()
 6 APPPATH/Controllers/User/Login.php(94): view()
 7 SYSTEMPATH/CodeIgniter.php(942): App\Controllers\User\Login->accessDenied()
 8 SYSTEMPATH/CodeIgniter.php(502): CodeIgniter\CodeIgniter->runController()
 9 SYSTEMPATH/CodeIgniter.php(361): CodeIgniter\CodeIgniter->handleRequest()
10 FCPATH/index.php(80): CodeIgniter\CodeIgniter->run()
INFO - 2025-07-11 21:43:46 --> Session: Class initialized using 'CodeIgniter\Session\Handlers\FileHandler' driver.
CRITICAL - 2025-07-11 21:43:46 --> Undefined variable $css_file
in APPPATH/Views/template/template_admin.php on line 38.
 1 APPPATH/Views/template/template_admin.php(38): CodeIgniter\Debug\Exceptions->errorHandler()
 2 SYSTEMPATH/View/View.php(228): include('/var/www/html/food_app/app/Views/template/template_admin.php')
 3 SYSTEMPATH/View/View.php(231): CodeIgniter\View\View->CodeIgniter\View\{closure}()
 4 SYSTEMPATH/View/View.php(244): CodeIgniter\View\View->render()
 5 SYSTEMPATH/Common.php(1190): CodeIgniter\View\View->render()
 6 APPPATH/Controllers/User/Login.php(94): view()
 7 SYSTEMPATH/CodeIgniter.php(942): App\Controllers\User\Login->accessDenied()
 8 SYSTEMPATH/CodeIgniter.php(502): CodeIgniter\CodeIgniter->runController()
 9 SYSTEMPATH/CodeIgniter.php(361): CodeIgniter\CodeIgniter->handleRequest()
10 FCPATH/index.php(80): CodeIgniter\CodeIgniter->run()
INFO - 2025-07-11 21:43:46 --> Session: Class initialized using 'CodeIgniter\Session\Handlers\FileHandler' driver.
CRITICAL - 2025-07-11 21:43:46 --> Undefined variable $css_file
in APPPATH/Views/template/template_admin.php on line 38.
 1 APPPATH/Views/template/template_admin.php(38): CodeIgniter\Debug\Exceptions->errorHandler()
 2 SYSTEMPATH/View/View.php(228): include('/var/www/html/food_app/app/Views/template/template_admin.php')
 3 SYSTEMPATH/View/View.php(231): CodeIgniter\View\View->CodeIgniter\View\{closure}()
 4 SYSTEMPATH/View/View.php(244): CodeIgniter\View\View->render()
 5 SYSTEMPATH/Common.php(1190): CodeIgniter\View\View->render()
 6 APPPATH/Controllers/User/Login.php(94): view()
 7 SYSTEMPATH/CodeIgniter.php(942): App\Controllers\User\Login->accessDenied()
 8 SYSTEMPATH/CodeIgniter.php(502): CodeIgniter\CodeIgniter->runController()
 9 SYSTEMPATH/CodeIgniter.php(361): CodeIgniter\CodeIgniter->handleRequest()
10 FCPATH/index.php(80): CodeIgniter\CodeIgniter->run()
INFO - 2025-07-11 21:43:46 --> Session: Class initialized using 'CodeIgniter\Session\Handlers\FileHandler' driver.
CRITICAL - 2025-07-11 21:43:46 --> Undefined variable $css_file
in APPPATH/Views/template/template_admin.php on line 38.
 1 APPPATH/Views/template/template_admin.php(38): CodeIgniter\Debug\Exceptions->errorHandler()
 2 SYSTEMPATH/View/View.php(228): include('/var/www/html/food_app/app/Views/template/template_admin.php')
 3 SYSTEMPATH/View/View.php(231): CodeIgniter\View\View->CodeIgniter\View\{closure}()
 4 SYSTEMPATH/View/View.php(244): CodeIgniter\View\View->render()
 5 SYSTEMPATH/Common.php(1190): CodeIgniter\View\View->render()
 6 APPPATH/Controllers/User/Login.php(94): view()
 7 SYSTEMPATH/CodeIgniter.php(942): App\Controllers\User\Login->accessDenied()
 8 SYSTEMPATH/CodeIgniter.php(502): CodeIgniter\CodeIgniter->runController()
 9 SYSTEMPATH/CodeIgniter.php(361): CodeIgniter\CodeIgniter->handleRequest()
10 FCPATH/index.php(80): CodeIgniter\CodeIgniter->run()
INFO - 2025-07-11 21:54:24 --> Session: Class initialized using 'CodeIgniter\Session\Handlers\FileHandler' driver.
CRITICAL - 2025-07-11 21:54:24 --> Unclosed '{' on line 37
in APPPATH/Views/template/template_admin.php on line 130.
 1 SYSTEMPATH/View/View.php(231): CodeIgniter\View\View->CodeIgniter\View\{closure}()
 2 SYSTEMPATH/View/View.php(244): CodeIgniter\View\View->render()
 3 SYSTEMPATH/Common.php(1190): CodeIgniter\View\View->render()
 4 APPPATH/Controllers/User/Login.php(94): view()
 5 SYSTEMPATH/CodeIgniter.php(942): App\Controllers\User\Login->accessDenied()
 6 SYSTEMPATH/CodeIgniter.php(502): CodeIgniter\CodeIgniter->runController()
 7 SYSTEMPATH/CodeIgniter.php(361): CodeIgniter\CodeIgniter->handleRequest()
 8 FCPATH/index.php(80): CodeIgniter\CodeIgniter->run()
INFO - 2025-07-11 21:54:44 --> Session: Class initialized using 'CodeIgniter\Session\Handlers\FileHandler' driver.
CRITICAL - 2025-07-11 21:54:44 --> Undefined variable $js_file
in APPPATH/Views/template/template_admin.php on line 54.
 1 APPPATH/Views/template/template_admin.php(54): CodeIgniter\Debug\Exceptions->errorHandler()
 2 SYSTEMPATH/View/View.php(228): include('/var/www/html/food_app/app/Views/template/template_admin.php')
 3 SYSTEMPATH/View/View.php(231): CodeIgniter\View\View->CodeIgniter\View\{closure}()
 4 SYSTEMPATH/View/View.php(244): CodeIgniter\View\View->render()
 5 SYSTEMPATH/Common.php(1190): CodeIgniter\View\View->render()
 6 APPPATH/Controllers/User/Login.php(94): view()
 7 SYSTEMPATH/CodeIgniter.php(942): App\Controllers\User\Login->accessDenied()
 8 SYSTEMPATH/CodeIgniter.php(502): CodeIgniter\CodeIgniter->runController()
 9 SYSTEMPATH/CodeIgniter.php(361): CodeIgniter\CodeIgniter->handleRequest()
10 FCPATH/index.php(80): CodeIgniter\CodeIgniter->run()
INFO - 2025-07-11 21:55:03 --> Session: Class initialized using 'CodeIgniter\Session\Handlers\FileHandler' driver.
CRITICAL - 2025-07-11 21:55:03 --> Trying to access array offset on null
in APPPATH/Views/template/admin_left_navigation.php on line 49.
 1 APPPATH/Views/template/admin_left_navigation.php(49): CodeIgniter\Debug\Exceptions->errorHandler()
 2 SYSTEMPATH/View/View.php(228): include('/var/www/html/food_app/app/Views/template/admin_left_navigation.php')
 3 SYSTEMPATH/View/View.php(231): CodeIgniter\View\View->CodeIgniter\View\{closure}()
 4 SYSTEMPATH/Common.php(1190): CodeIgniter\View\View->render()
 5 APPPATH/Cells/AdminNavigation.php(16): view()
 6 SYSTEMPATH/View/Cell.php(281): App\Cells\AdminNavigation->leftNavigation()
 7 SYSTEMPATH/View/Cell.php(105): CodeIgniter\View\Cell->renderSimpleClass()
 8 SYSTEMPATH/Common.php(1206): CodeIgniter\View\Cell->render()
 9 APPPATH/Views/template/template_admin.php(63): view_cell()
10 SYSTEMPATH/View/View.php(228): include('/var/www/html/food_app/app/Views/template/template_admin.php')
11 SYSTEMPATH/View/View.php(231): CodeIgniter\View\View->CodeIgniter\View\{closure}()
12 SYSTEMPATH/View/View.php(244): CodeIgniter\View\View->render()
13 SYSTEMPATH/Common.php(1190): CodeIgniter\View\View->render()
14 APPPATH/Controllers/User/Login.php(94): view()
15 SYSTEMPATH/CodeIgniter.php(942): App\Controllers\User\Login->accessDenied()
16 SYSTEMPATH/CodeIgniter.php(502): CodeIgniter\CodeIgniter->runController()
17 SYSTEMPATH/CodeIgniter.php(361): CodeIgniter\CodeIgniter->handleRequest()
18 FCPATH/index.php(80): CodeIgniter\CodeIgniter->run()
INFO - 2025-07-11 22:07:21 --> Session: Class initialized using 'CodeIgniter\Session\Handlers\FileHandler' driver.
CRITICAL - 2025-07-11 22:07:21 --> Trying to access array offset on null
in APPPATH/Views/template/admin_left_navigation.php on line 49.
 1 APPPATH/Views/template/admin_left_navigation.php(49): CodeIgniter\Debug\Exceptions->errorHandler()
 2 SYSTEMPATH/View/View.php(228): include('/var/www/html/food_app/app/Views/template/admin_left_navigation.php')
 3 SYSTEMPATH/View/View.php(231): CodeIgniter\View\View->CodeIgniter\View\{closure}()
 4 SYSTEMPATH/Common.php(1190): CodeIgniter\View\View->render()
 5 APPPATH/Cells/AdminNavigation.php(16): view()
 6 SYSTEMPATH/View/Cell.php(281): App\Cells\AdminNavigation->leftNavigation()
 7 SYSTEMPATH/View/Cell.php(105): CodeIgniter\View\Cell->renderSimpleClass()
 8 SYSTEMPATH/Common.php(1206): CodeIgniter\View\Cell->render()
 9 APPPATH/Views/template/template_admin.php(63): view_cell()
10 SYSTEMPATH/View/View.php(228): include('/var/www/html/food_app/app/Views/template/template_admin.php')
11 SYSTEMPATH/View/View.php(231): CodeIgniter\View\View->CodeIgniter\View\{closure}()
12 SYSTEMPATH/View/View.php(244): CodeIgniter\View\View->render()
13 SYSTEMPATH/Common.php(1190): CodeIgniter\View\View->render()
14 APPPATH/Controllers/User/Login.php(94): view()
15 SYSTEMPATH/CodeIgniter.php(942): App\Controllers\User\Login->accessDenied()
16 SYSTEMPATH/CodeIgniter.php(502): CodeIgniter\CodeIgniter->runController()
17 SYSTEMPATH/CodeIgniter.php(361): CodeIgniter\CodeIgniter->handleRequest()
18 FCPATH/index.php(80): CodeIgniter\CodeIgniter->run()
INFO - 2025-07-11 22:07:24 --> Session: Class initialized using 'CodeIgniter\Session\Handlers\FileHandler' driver.
CRITICAL - 2025-07-11 22:07:24 --> Trying to access array offset on null
in APPPATH/Views/template/admin_left_navigation.php on line 49.
 1 APPPATH/Views/template/admin_left_navigation.php(49): CodeIgniter\Debug\Exceptions->errorHandler()
 2 SYSTEMPATH/View/View.php(228): include('/var/www/html/food_app/app/Views/template/admin_left_navigation.php')
 3 SYSTEMPATH/View/View.php(231): CodeIgniter\View\View->CodeIgniter\View\{closure}()
 4 SYSTEMPATH/Common.php(1190): CodeIgniter\View\View->render()
 5 APPPATH/Cells/AdminNavigation.php(16): view()
 6 SYSTEMPATH/View/Cell.php(281): App\Cells\AdminNavigation->leftNavigation()
 7 SYSTEMPATH/View/Cell.php(105): CodeIgniter\View\Cell->renderSimpleClass()
 8 SYSTEMPATH/Common.php(1206): CodeIgniter\View\Cell->render()
 9 APPPATH/Views/template/template_admin.php(63): view_cell()
10 SYSTEMPATH/View/View.php(228): include('/var/www/html/food_app/app/Views/template/template_admin.php')
11 SYSTEMPATH/View/View.php(231): CodeIgniter\View\View->CodeIgniter\View\{closure}()
12 SYSTEMPATH/View/View.php(244): CodeIgniter\View\View->render()
13 SYSTEMPATH/Common.php(1190): CodeIgniter\View\View->render()
14 APPPATH/Controllers/User/Login.php(94): view()
15 SYSTEMPATH/CodeIgniter.php(942): App\Controllers\User\Login->accessDenied()
16 SYSTEMPATH/CodeIgniter.php(502): CodeIgniter\CodeIgniter->runController()
17 SYSTEMPATH/CodeIgniter.php(361): CodeIgniter\CodeIgniter->handleRequest()
18 FCPATH/index.php(80): CodeIgniter\CodeIgniter->run()
INFO - 2025-07-11 22:16:18 --> Session: Class initialized using 'CodeIgniter\Session\Handlers\FileHandler' driver.
INFO - 2025-07-11 22:16:26 --> Session: Class initialized using 'CodeIgniter\Session\Handlers\FileHandler' driver.
WARNING - 2025-07-11 22:16:26 --> [DEPRECATED] explode(): Passing null to parameter #2 ($string) of type string is deprecated in APPPATH/Controllers/User/Login.php on line 48.
 1 APPPATH/Controllers/User/Login.php(48): explode(',', null)
 2 SYSTEMPATH/CodeIgniter.php(942): App\Controllers\User\Login->loginSubmit('loginSubmit')
 3 SYSTEMPATH/CodeIgniter.php(502): CodeIgniter\CodeIgniter->runController(Object(App\Controllers\User\Login))
 4 SYSTEMPATH/CodeIgniter.php(361): CodeIgniter\CodeIgniter->handleRequest(null, Object(Config\Cache), false)
 5 FCPATH/index.php(80): CodeIgniter\CodeIgniter->run()
INFO - 2025-07-11 16:46:26 --> Session: Class initialized using 'CodeIgniter\Session\Handlers\FileHandler' driver.
INFO - 2025-07-11 22:16:26 --> Session: Class initialized using 'CodeIgniter\Session\Handlers\FileHandler' driver.
CRITICAL - 2025-07-11 22:16:26 --> Undefined array key "name"
in APPPATH/Views/template/admin_left_navigation.php on line 49.
 1 APPPATH/Views/template/admin_left_navigation.php(49): CodeIgniter\Debug\Exceptions->errorHandler()
 2 SYSTEMPATH/View/View.php(228): include('/var/www/html/food_app/app/Views/template/admin_left_navigation.php')
 3 SYSTEMPATH/View/View.php(231): CodeIgniter\View\View->CodeIgniter\View\{closure}()
 4 SYSTEMPATH/Common.php(1190): CodeIgniter\View\View->render()
 5 APPPATH/Cells/AdminNavigation.php(16): view()
 6 SYSTEMPATH/View/Cell.php(281): App\Cells\AdminNavigation->leftNavigation()
 7 SYSTEMPATH/View/Cell.php(105): CodeIgniter\View\Cell->renderSimpleClass()
 8 SYSTEMPATH/Common.php(1206): CodeIgniter\View\Cell->render()
 9 APPPATH/Views/template/template_admin.php(63): view_cell()
10 SYSTEMPATH/View/View.php(228): include('/var/www/html/food_app/app/Views/template/template_admin.php')
11 SYSTEMPATH/View/View.php(231): CodeIgniter\View\View->CodeIgniter\View\{closure}()
12 SYSTEMPATH/View/View.php(244): CodeIgniter\View\View->render()
13 SYSTEMPATH/Common.php(1190): CodeIgniter\View\View->render()
14 APPPATH/Controllers/User/Login.php(94): view()
15 SYSTEMPATH/CodeIgniter.php(942): App\Controllers\User\Login->accessDenied()
16 SYSTEMPATH/CodeIgniter.php(502): CodeIgniter\CodeIgniter->runController()
17 SYSTEMPATH/CodeIgniter.php(361): CodeIgniter\CodeIgniter->handleRequest()
18 FCPATH/index.php(80): CodeIgniter\CodeIgniter->run()
INFO - 2025-07-11 22:17:07 --> Session: Class initialized using 'CodeIgniter\Session\Handlers\FileHandler' driver.
INFO - 2025-07-11 22:17:11 --> Session: Class initialized using 'CodeIgniter\Session\Handlers\FileHandler' driver.
WARNING - 2025-07-11 22:17:11 --> [DEPRECATED] explode(): Passing null to parameter #2 ($string) of type string is deprecated in APPPATH/Controllers/User/Login.php on line 48.
 1 APPPATH/Controllers/User/Login.php(48): explode(',', null)
 2 SYSTEMPATH/CodeIgniter.php(942): App\Controllers\User\Login->loginSubmit('loginSubmit')
 3 SYSTEMPATH/CodeIgniter.php(502): CodeIgniter\CodeIgniter->runController(Object(App\Controllers\User\Login))
 4 SYSTEMPATH/CodeIgniter.php(361): CodeIgniter\CodeIgniter->handleRequest(null, Object(Config\Cache), false)
 5 FCPATH/index.php(80): CodeIgniter\CodeIgniter->run()
INFO - 2025-07-11 16:47:11 --> Session: Class initialized using 'CodeIgniter\Session\Handlers\FileHandler' driver.
INFO - 2025-07-11 22:17:11 --> Session: Class initialized using 'CodeIgniter\Session\Handlers\FileHandler' driver.
CRITICAL - 2025-07-11 22:17:11 --> Undefined variable $breadcrumb_item
in APPPATH/Views/template/template_admin.php on line 76.
 1 APPPATH/Views/template/template_admin.php(76): CodeIgniter\Debug\Exceptions->errorHandler()
 2 SYSTEMPATH/View/View.php(228): include('/var/www/html/food_app/app/Views/template/template_admin.php')
 3 SYSTEMPATH/View/View.php(231): CodeIgniter\View\View->CodeIgniter\View\{closure}()
 4 SYSTEMPATH/View/View.php(244): CodeIgniter\View\View->render()
 5 SYSTEMPATH/Common.php(1190): CodeIgniter\View\View->render()
 6 APPPATH/Controllers/User/Login.php(94): view()
 7 SYSTEMPATH/CodeIgniter.php(942): App\Controllers\User\Login->accessDenied()
 8 SYSTEMPATH/CodeIgniter.php(502): CodeIgniter\CodeIgniter->runController()
 9 SYSTEMPATH/CodeIgniter.php(361): CodeIgniter\CodeIgniter->handleRequest()
10 FCPATH/index.php(80): CodeIgniter\CodeIgniter->run()
INFO - 2025-07-11 22:18:01 --> Session: Class initialized using 'CodeIgniter\Session\Handlers\FileHandler' driver.
INFO - 2025-07-11 22:18:02 --> Session: Class initialized using 'CodeIgniter\Session\Handlers\FileHandler' driver.
INFO - 2025-07-11 22:18:05 --> Session: Class initialized using 'CodeIgniter\Session\Handlers\FileHandler' driver.
INFO - 2025-07-11 22:18:08 --> Session: Class initialized using 'CodeIgniter\Session\Handlers\FileHandler' driver.
WARNING - 2025-07-11 22:18:08 --> [DEPRECATED] explode(): Passing null to parameter #2 ($string) of type string is deprecated in APPPATH/Controllers/User/Login.php on line 48.
 1 APPPATH/Controllers/User/Login.php(48): explode(',', null)
 2 SYSTEMPATH/CodeIgniter.php(942): App\Controllers\User\Login->loginSubmit('loginSubmit')
 3 SYSTEMPATH/CodeIgniter.php(502): CodeIgniter\CodeIgniter->runController(Object(App\Controllers\User\Login))
 4 SYSTEMPATH/CodeIgniter.php(361): CodeIgniter\CodeIgniter->handleRequest(null, Object(Config\Cache), false)
 5 FCPATH/index.php(80): CodeIgniter\CodeIgniter->run()
INFO - 2025-07-11 16:48:09 --> Session: Class initialized using 'CodeIgniter\Session\Handlers\FileHandler' driver.
INFO - 2025-07-11 22:18:09 --> Session: Class initialized using 'CodeIgniter\Session\Handlers\FileHandler' driver.
INFO - 2025-07-11 22:18:09 --> Session: Class initialized using 'CodeIgniter\Session\Handlers\FileHandler' driver.
INFO - 2025-07-11 22:18:50 --> Session: Class initialized using 'CodeIgniter\Session\Handlers\FileHandler' driver.
INFO - 2025-07-11 22:18:50 --> Session: Class initialized using 'CodeIgniter\Session\Handlers\FileHandler' driver.
INFO - 2025-07-11 22:18:50 --> Session: Class initialized using 'CodeIgniter\Session\Handlers\FileHandler' driver.
INFO - 2025-07-11 22:18:51 --> Session: Class initialized using 'CodeIgniter\Session\Handlers\FileHandler' driver.
INFO - 2025-07-11 22:21:38 --> Session: Class initialized using 'CodeIgniter\Session\Handlers\FileHandler' driver.
INFO - 2025-07-11 22:21:38 --> Session: Class initialized using 'CodeIgniter\Session\Handlers\FileHandler' driver.
INFO - 2025-07-11 22:21:40 --> Session: Class initialized using 'CodeIgniter\Session\Handlers\FileHandler' driver.
INFO - 2025-07-11 22:21:44 --> Session: Class initialized using 'CodeIgniter\Session\Handlers\FileHandler' driver.
WARNING - 2025-07-11 22:21:44 --> [DEPRECATED] explode(): Passing null to parameter #2 ($string) of type string is deprecated in APPPATH/Controllers/User/Login.php on line 48.
 1 APPPATH/Controllers/User/Login.php(48): explode(',', null)
 2 SYSTEMPATH/CodeIgniter.php(942): App\Controllers\User\Login->loginSubmit('loginSubmit')
 3 SYSTEMPATH/CodeIgniter.php(502): CodeIgniter\CodeIgniter->runController(Object(App\Controllers\User\Login))
 4 SYSTEMPATH/CodeIgniter.php(361): CodeIgniter\CodeIgniter->handleRequest(null, Object(Config\Cache), false)
 5 FCPATH/index.php(80): CodeIgniter\CodeIgniter->run()
INFO - 2025-07-11 16:51:44 --> Session: Class initialized using 'CodeIgniter\Session\Handlers\FileHandler' driver.
CRITICAL - 2025-07-11 22:21:44 --> syntax error, unexpected token "<", expecting end of file
in APPPATH/Views/invoice_tracking/dashboard/dashboard.php on line 10.
 1 SYSTEMPATH/View/View.php(231): CodeIgniter\View\View->CodeIgniter\View\{closure}()
 2 SYSTEMPATH/Common.php(1190): CodeIgniter\View\View->render()
 3 APPPATH/Controllers/Home.php(39): view()
 4 SYSTEMPATH/CodeIgniter.php(942): App\Controllers\Home->index()
 5 SYSTEMPATH/CodeIgniter.php(502): CodeIgniter\CodeIgniter->runController()
 6 SYSTEMPATH/CodeIgniter.php(361): CodeIgniter\CodeIgniter->handleRequest()
 7 FCPATH/index.php(80): CodeIgniter\CodeIgniter->run()
INFO - 2025-07-11 16:52:37 --> Session: Class initialized using 'CodeIgniter\Session\Handlers\FileHandler' driver.
CRITICAL - 2025-07-11 22:22:37 --> syntax error, unexpected token "<", expecting end of file
in APPPATH/Views/invoice_tracking/dashboard/dashboard.php on line 10.
 1 SYSTEMPATH/View/View.php(231): CodeIgniter\View\View->CodeIgniter\View\{closure}()
 2 SYSTEMPATH/Common.php(1190): CodeIgniter\View\View->render()
 3 APPPATH/Controllers/Home.php(39): view()
 4 SYSTEMPATH/CodeIgniter.php(942): App\Controllers\Home->index()
 5 SYSTEMPATH/CodeIgniter.php(502): CodeIgniter\CodeIgniter->runController()
 6 SYSTEMPATH/CodeIgniter.php(361): CodeIgniter\CodeIgniter->handleRequest()
 7 FCPATH/index.php(80): CodeIgniter\CodeIgniter->run()
INFO - 2025-07-11 16:53:39 --> Session: Class initialized using 'CodeIgniter\Session\Handlers\FileHandler' driver.
CRITICAL - 2025-07-11 22:23:39 --> Undefined variable $clients
in APPPATH/Views/invoice_tracking/dashboard/dashboard.php on line 19.
 1 APPPATH/Views/invoice_tracking/dashboard/dashboard.php(19): CodeIgniter\Debug\Exceptions->errorHandler()
 2 SYSTEMPATH/View/View.php(228): include('/var/www/html/food_app/app/Views/invoice_tracking/dashboard/dashboard.php')
 3 SYSTEMPATH/View/View.php(231): CodeIgniter\View\View->CodeIgniter\View\{closure}()
 4 SYSTEMPATH/Common.php(1190): CodeIgniter\View\View->render()
 5 APPPATH/Controllers/Home.php(39): view()
 6 SYSTEMPATH/CodeIgniter.php(942): App\Controllers\Home->index()
 7 SYSTEMPATH/CodeIgniter.php(502): CodeIgniter\CodeIgniter->runController()
 8 SYSTEMPATH/CodeIgniter.php(361): CodeIgniter\CodeIgniter->handleRequest()
 9 FCPATH/index.php(80): CodeIgniter\CodeIgniter->run()
INFO - 2025-07-11 16:54:12 --> Session: Class initialized using 'CodeIgniter\Session\Handlers\FileHandler' driver.
CRITICAL - 2025-07-11 22:24:12 --> Undefined variable $clients
in APPPATH/Views/invoice_tracking/dashboard/dashboard.php on line 19.
 1 APPPATH/Views/invoice_tracking/dashboard/dashboard.php(19): CodeIgniter\Debug\Exceptions->errorHandler()
 2 SYSTEMPATH/View/View.php(228): include('/var/www/html/food_app/app/Views/invoice_tracking/dashboard/dashboard.php')
 3 SYSTEMPATH/View/View.php(231): CodeIgniter\View\View->CodeIgniter\View\{closure}()
 4 SYSTEMPATH/Common.php(1190): CodeIgniter\View\View->render()
 5 APPPATH/Controllers/Home.php(39): view()
 6 SYSTEMPATH/CodeIgniter.php(942): App\Controllers\Home->index()
 7 SYSTEMPATH/CodeIgniter.php(502): CodeIgniter\CodeIgniter->runController()
 8 SYSTEMPATH/CodeIgniter.php(361): CodeIgniter\CodeIgniter->handleRequest()
 9 FCPATH/index.php(80): CodeIgniter\CodeIgniter->run()
INFO - 2025-07-11 16:54:14 --> Session: Class initialized using 'CodeIgniter\Session\Handlers\FileHandler' driver.
CRITICAL - 2025-07-11 22:24:14 --> Undefined variable $clients
in APPPATH/Views/invoice_tracking/dashboard/dashboard.php on line 19.
 1 APPPATH/Views/invoice_tracking/dashboard/dashboard.php(19): CodeIgniter\Debug\Exceptions->errorHandler()
 2 SYSTEMPATH/View/View.php(228): include('/var/www/html/food_app/app/Views/invoice_tracking/dashboard/dashboard.php')
 3 SYSTEMPATH/View/View.php(231): CodeIgniter\View\View->CodeIgniter\View\{closure}()
 4 SYSTEMPATH/Common.php(1190): CodeIgniter\View\View->render()
 5 APPPATH/Controllers/Home.php(39): view()
 6 SYSTEMPATH/CodeIgniter.php(942): App\Controllers\Home->index()
 7 SYSTEMPATH/CodeIgniter.php(502): CodeIgniter\CodeIgniter->runController()
 8 SYSTEMPATH/CodeIgniter.php(361): CodeIgniter\CodeIgniter->handleRequest()
 9 FCPATH/index.php(80): CodeIgniter\CodeIgniter->run()
INFO - 2025-07-11 16:54:15 --> Session: Class initialized using 'CodeIgniter\Session\Handlers\FileHandler' driver.
CRITICAL - 2025-07-11 22:24:15 --> Undefined variable $clients
in APPPATH/Views/invoice_tracking/dashboard/dashboard.php on line 19.
 1 APPPATH/Views/invoice_tracking/dashboard/dashboard.php(19): CodeIgniter\Debug\Exceptions->errorHandler()
 2 SYSTEMPATH/View/View.php(228): include('/var/www/html/food_app/app/Views/invoice_tracking/dashboard/dashboard.php')
 3 SYSTEMPATH/View/View.php(231): CodeIgniter\View\View->CodeIgniter\View\{closure}()
 4 SYSTEMPATH/Common.php(1190): CodeIgniter\View\View->render()
 5 APPPATH/Controllers/Home.php(39): view()
 6 SYSTEMPATH/CodeIgniter.php(942): App\Controllers\Home->index()
 7 SYSTEMPATH/CodeIgniter.php(502): CodeIgniter\CodeIgniter->runController()
 8 SYSTEMPATH/CodeIgniter.php(361): CodeIgniter\CodeIgniter->handleRequest()
 9 FCPATH/index.php(80): CodeIgniter\CodeIgniter->run()
INFO - 2025-07-11 16:55:24 --> Session: Class initialized using 'CodeIgniter\Session\Handlers\FileHandler' driver.
CRITICAL - 2025-07-11 22:25:24 --> Undefined variable $y
in APPPATH/Views/invoice_tracking/dashboard/financial_data.php on line 19.
 1 APPPATH/Views/invoice_tracking/dashboard/financial_data.php(19): CodeIgniter\Debug\Exceptions->errorHandler()
 2 SYSTEMPATH/View/View.php(228): include('/var/www/html/food_app/app/Views/invoice_tracking/dashboard/financial_data.php')
 3 SYSTEMPATH/View/View.php(231): CodeIgniter\View\View->CodeIgniter\View\{closure}()
 4 SYSTEMPATH/Common.php(1190): CodeIgniter\View\View->render()
 5 APPPATH/Views/invoice_tracking/dashboard/dashboard.php(76): view()
 6 SYSTEMPATH/View/View.php(228): include('/var/www/html/food_app/app/Views/invoice_tracking/dashboard/dashboard.php')
 7 SYSTEMPATH/View/View.php(231): CodeIgniter\View\View->CodeIgniter\View\{closure}()
 8 SYSTEMPATH/Common.php(1190): CodeIgniter\View\View->render()
 9 APPPATH/Controllers/Home.php(39): view()
10 SYSTEMPATH/CodeIgniter.php(942): App\Controllers\Home->index()
11 SYSTEMPATH/CodeIgniter.php(502): CodeIgniter\CodeIgniter->runController()
12 SYSTEMPATH/CodeIgniter.php(361): CodeIgniter\CodeIgniter->handleRequest()
13 FCPATH/index.php(80): CodeIgniter\CodeIgniter->run()
INFO - 2025-07-11 16:55:46 --> Session: Class initialized using 'CodeIgniter\Session\Handlers\FileHandler' driver.
CRITICAL - 2025-07-11 22:25:46 --> Unclosed '{' on line 18
in APPPATH/Views/invoice_tracking/dashboard/financial_data.php on line 42.
 1 SYSTEMPATH/View/View.php(231): CodeIgniter\View\View->CodeIgniter\View\{closure}()
 2 SYSTEMPATH/Common.php(1190): CodeIgniter\View\View->render()
 3 APPPATH/Views/invoice_tracking/dashboard/dashboard.php(76): view()
 4 SYSTEMPATH/View/View.php(228): include('/var/www/html/food_app/app/Views/invoice_tracking/dashboard/dashboard.php')
 5 SYSTEMPATH/View/View.php(231): CodeIgniter\View\View->CodeIgniter\View\{closure}()
 6 SYSTEMPATH/Common.php(1190): CodeIgniter\View\View->render()
 7 APPPATH/Controllers/Home.php(39): view()
 8 SYSTEMPATH/CodeIgniter.php(942): App\Controllers\Home->index()
 9 SYSTEMPATH/CodeIgniter.php(502): CodeIgniter\CodeIgniter->runController()
10 SYSTEMPATH/CodeIgniter.php(361): CodeIgniter\CodeIgniter->handleRequest()
11 FCPATH/index.php(80): CodeIgniter\CodeIgniter->run()
INFO - 2025-07-11 17:03:08 --> Session: Class initialized using 'CodeIgniter\Session\Handlers\FileHandler' driver.
CRITICAL - 2025-07-11 22:33:08 --> Undefined variable $financial_totals
in APPPATH/Views/invoice_tracking/dashboard/financial_data.php on line 30.
 1 APPPATH/Views/invoice_tracking/dashboard/financial_data.php(30): CodeIgniter\Debug\Exceptions->errorHandler()
 2 SYSTEMPATH/View/View.php(228): include('/var/www/html/food_app/app/Views/invoice_tracking/dashboard/financial_data.php')
 3 SYSTEMPATH/View/View.php(231): CodeIgniter\View\View->CodeIgniter\View\{closure}()
 4 SYSTEMPATH/Common.php(1190): CodeIgniter\View\View->render()
 5 APPPATH/Views/invoice_tracking/dashboard/dashboard.php(76): view()
 6 SYSTEMPATH/View/View.php(228): include('/var/www/html/food_app/app/Views/invoice_tracking/dashboard/dashboard.php')
 7 SYSTEMPATH/View/View.php(231): CodeIgniter\View\View->CodeIgniter\View\{closure}()
 8 SYSTEMPATH/Common.php(1190): CodeIgniter\View\View->render()
 9 APPPATH/Controllers/Home.php(39): view()
10 SYSTEMPATH/CodeIgniter.php(942): App\Controllers\Home->index()
11 SYSTEMPATH/CodeIgniter.php(502): CodeIgniter\CodeIgniter->runController()
12 SYSTEMPATH/CodeIgniter.php(361): CodeIgniter\CodeIgniter->handleRequest()
13 FCPATH/index.php(80): CodeIgniter\CodeIgniter->run()
INFO - 2025-07-11 17:03:10 --> Session: Class initialized using 'CodeIgniter\Session\Handlers\FileHandler' driver.
CRITICAL - 2025-07-11 22:33:10 --> Undefined variable $financial_totals
in APPPATH/Views/invoice_tracking/dashboard/financial_data.php on line 30.
 1 APPPATH/Views/invoice_tracking/dashboard/financial_data.php(30): CodeIgniter\Debug\Exceptions->errorHandler()
 2 SYSTEMPATH/View/View.php(228): include('/var/www/html/food_app/app/Views/invoice_tracking/dashboard/financial_data.php')
 3 SYSTEMPATH/View/View.php(231): CodeIgniter\View\View->CodeIgniter\View\{closure}()
 4 SYSTEMPATH/Common.php(1190): CodeIgniter\View\View->render()
 5 APPPATH/Views/invoice_tracking/dashboard/dashboard.php(76): view()
 6 SYSTEMPATH/View/View.php(228): include('/var/www/html/food_app/app/Views/invoice_tracking/dashboard/dashboard.php')
 7 SYSTEMPATH/View/View.php(231): CodeIgniter\View\View->CodeIgniter\View\{closure}()
 8 SYSTEMPATH/Common.php(1190): CodeIgniter\View\View->render()
 9 APPPATH/Controllers/Home.php(39): view()
10 SYSTEMPATH/CodeIgniter.php(942): App\Controllers\Home->index()
11 SYSTEMPATH/CodeIgniter.php(502): CodeIgniter\CodeIgniter->runController()
12 SYSTEMPATH/CodeIgniter.php(361): CodeIgniter\CodeIgniter->handleRequest()
13 FCPATH/index.php(80): CodeIgniter\CodeIgniter->run()
INFO - 2025-07-11 17:03:48 --> Session: Class initialized using 'CodeIgniter\Session\Handlers\FileHandler' driver.
CRITICAL - 2025-07-11 22:33:48 --> Undefined variable $project_totals
in APPPATH/Views/invoice_tracking/dashboard/project_data.php on line 10.
 1 APPPATH/Views/invoice_tracking/dashboard/project_data.php(10): CodeIgniter\Debug\Exceptions->errorHandler()
 2 SYSTEMPATH/View/View.php(228): include('/var/www/html/food_app/app/Views/invoice_tracking/dashboard/project_data.php')
 3 SYSTEMPATH/View/View.php(231): CodeIgniter\View\View->CodeIgniter\View\{closure}()
 4 SYSTEMPATH/Common.php(1190): CodeIgniter\View\View->render()
 5 APPPATH/Views/invoice_tracking/dashboard/dashboard.php(97): view()
 6 SYSTEMPATH/View/View.php(228): include('/var/www/html/food_app/app/Views/invoice_tracking/dashboard/dashboard.php')
 7 SYSTEMPATH/View/View.php(231): CodeIgniter\View\View->CodeIgniter\View\{closure}()
 8 SYSTEMPATH/Common.php(1190): CodeIgniter\View\View->render()
 9 APPPATH/Controllers/Home.php(39): view()
10 SYSTEMPATH/CodeIgniter.php(942): App\Controllers\Home->index()
11 SYSTEMPATH/CodeIgniter.php(502): CodeIgniter\CodeIgniter->runController()
12 SYSTEMPATH/CodeIgniter.php(361): CodeIgniter\CodeIgniter->handleRequest()
13 FCPATH/index.php(80): CodeIgniter\CodeIgniter->run()
INFO - 2025-07-11 17:04:36 --> Session: Class initialized using 'CodeIgniter\Session\Handlers\FileHandler' driver.
INFO - 2025-07-11 17:04:42 --> Session: Class initialized using 'CodeIgniter\Session\Handlers\FileHandler' driver.
INFO - 2025-07-11 17:05:01 --> Session: Class initialized using 'CodeIgniter\Session\Handlers\FileHandler' driver.
ERROR - 2025-07-11 22:35:01 --> mysqli_sql_exception: Table 'food_app.location' doesn't exist in /var/www/html/food_app/system/Database/MySQLi/Connection.php:306
Stack trace:
#0 /var/www/html/food_app/system/Database/MySQLi/Connection.php(306): mysqli->query()
#1 /var/www/html/food_app/system/Database/BaseConnection.php(693): CodeIgniter\Database\MySQLi\Connection->execute()
#2 /var/www/html/food_app/system/Database/BaseConnection.php(607): CodeIgniter\Database\BaseConnection->simpleQuery()
#3 /var/www/html/food_app/system/Database/BaseBuilder.php(1615): CodeIgniter\Database\BaseConnection->query()
#4 /var/www/html/food_app/system/Model.php(237): CodeIgniter\Database\BaseBuilder->get()
#5 /var/www/html/food_app/system/BaseModel.php(624): CodeIgniter\Model->doFindAll()
#6 /var/www/html/food_app/app/Controllers/InvoiceTracking/Location.php(27): CodeIgniter\BaseModel->findAll()
#7 /var/www/html/food_app/system/CodeIgniter.php(942): App\Controllers\InvoiceTracking\Location->index()
#8 /var/www/html/food_app/system/CodeIgniter.php(502): CodeIgniter\CodeIgniter->runController()
#9 /var/www/html/food_app/system/CodeIgniter.php(361): CodeIgniter\CodeIgniter->handleRequest()
#10 /var/www/html/food_app/public/index.php(80): CodeIgniter\CodeIgniter->run()
#11 {main}
CRITICAL - 2025-07-11 22:35:01 --> Table 'food_app.location' doesn't exist
in SYSTEMPATH/Database/BaseConnection.php on line 647.
 1 SYSTEMPATH/Database/BaseBuilder.php(1615): CodeIgniter\Database\BaseConnection->query()
 2 SYSTEMPATH/Model.php(237): CodeIgniter\Database\BaseBuilder->get()
 3 SYSTEMPATH/BaseModel.php(624): CodeIgniter\Model->doFindAll()
 4 APPPATH/Controllers/InvoiceTracking/Location.php(27): CodeIgniter\BaseModel->findAll()
 5 SYSTEMPATH/CodeIgniter.php(942): App\Controllers\InvoiceTracking\Location->index()
 6 SYSTEMPATH/CodeIgniter.php(502): CodeIgniter\CodeIgniter->runController()
 7 SYSTEMPATH/CodeIgniter.php(361): CodeIgniter\CodeIgniter->handleRequest()
 8 FCPATH/index.php(80): CodeIgniter\CodeIgniter->run()
INFO - 2025-07-11 17:05:06 --> Session: Class initialized using 'CodeIgniter\Session\Handlers\FileHandler' driver.
