CRITICAL - 2025-06-12 10:41:11 --> The framework needs the following extension(s) installed and loaded: intl.
in SYSTEMPATH/CodeIgniter.php on line 252.
 1 SYSTEMPATH/CodeIgniter.php(252): CodeIgniter\Exceptions\FrameworkException::forMissingExtension()
 2 SYSTEMPATH/CodeIgniter.php(214): CodeIgniter\CodeIgniter->resolvePlatformExtensions()
 3 FCPATH/index.php(68): CodeIgniter\CodeIgniter->initialize()
CRITICAL - 2025-06-12 10:43:16 --> The framework needs the following extension(s) installed and loaded: intl.
in SYSTEMPATH/CodeIgniter.php on line 252.
 1 SYSTEMPATH/CodeIgniter.php(252): CodeIgniter\Exceptions\FrameworkException::forMissingExtension()
 2 SYSTEMPATH/CodeIgniter.php(214): CodeIgniter\CodeIgniter->resolvePlatformExtensions()
 3 FCPATH/index.php(68): CodeIgniter\CodeIgniter->initialize()
CRITICAL - 2025-06-12 10:43:16 --> Uncaught Error: Class "Locale" not found in /mnt/hdd/var/www/html/food_app/system/Helpers/number_helper.php:136
Stack trace:
#0 /mnt/hdd/var/www/html/food_app/system/Helpers/number_helper.php(55): format_number()
#1 /mnt/hdd/var/www/html/food_app/system/Debug/BaseExceptionHandler.php(145): number_to_size()
#2 /mnt/hdd/var/www/html/food_app/app/Views/errors/html/error_exception.php(361): CodeIgniter\Debug\BaseExceptionHandler::describeMemory()
#3 /mnt/hdd/var/www/html/food_app/system/Debug/BaseExceptionHandler.php(241): include('...')
#4 /mnt/hdd/var/www/html/food_app/system/Debug/BaseExceptionHandler.php(244): CodeIgniter\Debug\BaseExceptionHandler->CodeIgniter\Debug\{closure}()
#5 /mnt/hdd/var/www/html/food_app/system/Debug/ExceptionHandler.php(112): CodeIgniter\Debug\BaseExceptionHandler->render()
#6 /mnt/hdd/var/www/html/food_app/system/Debug/Exceptions.php(148): CodeIgniter\Debug\ExceptionHandler->handle()
#7 [internal function]: CodeIgniter\Debug\Exceptions->exceptionHandler()
#8 {main}
  thrown
【Previous Exception】
CodeIgniter\Exceptions\FrameworkException
The framework needs the following extension(s) installed and loaded: intl.
#0 /mnt/hdd/var/www/html/food_app/system/CodeIgniter.php(252): CodeIgniter\Exceptions\FrameworkException::forMissingExtension()
#1 /mnt/hdd/var/www/html/food_app/system/CodeIgniter.php(214): CodeIgniter\CodeIgniter->resolvePlatformExtensions()
#2 /mnt/hdd/var/www/html/food_app/public/index.php(68): CodeIgniter\CodeIgniter->initialize()
#3 {main}
in SYSTEMPATH/Helpers/number_helper.php on line 136.
 1 [internal function]: CodeIgniter\Debug\Exceptions->shutdownHandler()
CRITICAL - 2025-06-12 10:43:17 --> The framework needs the following extension(s) installed and loaded: intl.
in SYSTEMPATH/CodeIgniter.php on line 252.
 1 SYSTEMPATH/CodeIgniter.php(252): CodeIgniter\Exceptions\FrameworkException::forMissingExtension()
 2 SYSTEMPATH/CodeIgniter.php(214): CodeIgniter\CodeIgniter->resolvePlatformExtensions()
 3 FCPATH/index.php(68): CodeIgniter\CodeIgniter->initialize()
CRITICAL - 2025-06-12 10:43:17 --> Uncaught Error: Class "Locale" not found in /mnt/hdd/var/www/html/food_app/system/Helpers/number_helper.php:136
Stack trace:
#0 /mnt/hdd/var/www/html/food_app/system/Helpers/number_helper.php(55): format_number()
#1 /mnt/hdd/var/www/html/food_app/system/Debug/BaseExceptionHandler.php(145): number_to_size()
#2 /mnt/hdd/var/www/html/food_app/app/Views/errors/html/error_exception.php(361): CodeIgniter\Debug\BaseExceptionHandler::describeMemory()
#3 /mnt/hdd/var/www/html/food_app/system/Debug/BaseExceptionHandler.php(241): include('...')
#4 /mnt/hdd/var/www/html/food_app/system/Debug/BaseExceptionHandler.php(244): CodeIgniter\Debug\BaseExceptionHandler->CodeIgniter\Debug\{closure}()
#5 /mnt/hdd/var/www/html/food_app/system/Debug/ExceptionHandler.php(112): CodeIgniter\Debug\BaseExceptionHandler->render()
#6 /mnt/hdd/var/www/html/food_app/system/Debug/Exceptions.php(148): CodeIgniter\Debug\ExceptionHandler->handle()
#7 [internal function]: CodeIgniter\Debug\Exceptions->exceptionHandler()
#8 {main}
  thrown
【Previous Exception】
CodeIgniter\Exceptions\FrameworkException
The framework needs the following extension(s) installed and loaded: intl.
#0 /mnt/hdd/var/www/html/food_app/system/CodeIgniter.php(252): CodeIgniter\Exceptions\FrameworkException::forMissingExtension()
#1 /mnt/hdd/var/www/html/food_app/system/CodeIgniter.php(214): CodeIgniter\CodeIgniter->resolvePlatformExtensions()
#2 /mnt/hdd/var/www/html/food_app/public/index.php(68): CodeIgniter\CodeIgniter->initialize()
#3 {main}
in SYSTEMPATH/Helpers/number_helper.php on line 136.
 1 [internal function]: CodeIgniter\Debug\Exceptions->shutdownHandler()
INFO - 2025-06-12 11:03:10 --> Session: Class initialized using 'CodeIgniter\Session\Handlers\FileHandler' driver.
INFO - 2025-06-12 11:03:19 --> Session: Class initialized using 'CodeIgniter\Session\Handlers\FileHandler' driver.
INFO - 2025-06-12 11:04:55 --> Session: Class initialized using 'CodeIgniter\Session\Handlers\FileHandler' driver.
INFO - 2025-06-12 11:05:24 --> Session: Class initialized using 'CodeIgniter\Session\Handlers\FileHandler' driver.
