ERROR - 2024-04-22 16:29:29 --> mysqli_sql_exception: Table 'c30077_004_meit.project_bg_history' doesn't exist in /var/www/c30077_004/htdocs/meilInvoiceTracker/system/Database/MySQLi/Connection.php:306
Stack trace:
#0 /var/www/c30077_004/htdocs/meilInvoiceTracker/system/Database/MySQLi/Connection.php(306): mysqli->query('INSERT INTO `pr...', 0)
#1 /var/www/c30077_004/htdocs/meilInvoiceTracker/system/Database/BaseConnection.php(693): CodeIgniter\Database\MySQLi\Connection->execute('INSERT INTO `pr...')
#2 /var/www/c30077_004/htdocs/meilInvoiceTracker/system/Database/BaseConnection.php(607): CodeIgniter\Database\BaseConnection->simpleQuery('INSERT INTO `pr...')
#3 /var/www/c30077_004/htdocs/meilInvoiceTracker/system/Database/BaseBuilder.php(2308): CodeIgniter\Database\BaseConnection->query('INSERT INTO `pr...', Array, false)
#4 /var/www/c30077_004/htdocs/meilInvoiceTracker/system/Model.php(319): CodeIgniter\Database\BaseBuilder->insert()
#5 /var/www/c30077_004/htdocs/meilInvoiceTracker/system/BaseModel.php(788): CodeIgniter\Model->doInsert(Array)
#6 /var/www/c30077_004/htdocs/meilInvoiceTracker/system/Model.php(715): CodeIgniter\BaseModel->insert(Array, true)
#7 /var/www/c30077_004/htdocs/meilInvoiceTracker/app/Controllers/InvoiceTracking/BankGuarantee.php(208): CodeIgniter\Model->insert(Array)
#8 /var/www/c30077_004/htdocs/meilInvoiceTracker/system/CodeIgniter.php(942): App\Controllers\InvoiceTracking\BankGuarantee->update('update')
#9 /var/www/c30077_004/htdocs/meilInvoiceTracker/system/CodeIgniter.php(502): CodeIgniter\CodeIgniter->runController(Object(App\Controllers\InvoiceTracking\BankGuarantee))
#10 /var/www/c30077_004/htdocs/meilInvoiceTracker/system/CodeIgniter.php(361): CodeIgniter\CodeIgniter->handleRequest(NULL, Object(Config\Cache), false)
#11 /var/www/c30077_004/htdocs/meilInvoiceTracker/public/index.php(80): CodeIgniter\CodeIgniter->run()
#12 {main}
CRITICAL - 2024-04-22 16:29:29 --> Table 'c30077_004_meit.project_bg_history' doesn't exist
in SYSTEMPATH/Database/BaseConnection.php on line 647.
 1 SYSTEMPATH/Database/BaseBuilder.php(2308): CodeIgniter\Database\BaseConnection->query('INSERT INTO `project_bg_history` (`type`, `name`, `bg_number`, `bg_bank`, `bg_amount`, `project_id`, `issue_date`, `valid_date`, `claim_date`, `note`, `updated_by`, `bg_file`, `bg_id`, `created_at`, `updated_at`) VALUES (:type:, :name:, :bg_number:, :bg_bank:, :bg_amount:, :project_id:, :issue_date:, :valid_date:, :claim_date:, :note:, :updated_by:, :bg_file:, :bg_id:, :created_at:, :updated_at:)', [...], false)
 2 SYSTEMPATH/Model.php(319): CodeIgniter\Database\BaseBuilder->insert()
 3 SYSTEMPATH/BaseModel.php(788): CodeIgniter\Model->doInsert([...])
 4 SYSTEMPATH/Model.php(715): CodeIgniter\BaseModel->insert([...], true)
 5 APPPATH/Controllers/InvoiceTracking/BankGuarantee.php(208): CodeIgniter\Model->insert([...])
 6 SYSTEMPATH/CodeIgniter.php(942): App\Controllers\InvoiceTracking\BankGuarantee->update('update')
 7 SYSTEMPATH/CodeIgniter.php(502): CodeIgniter\CodeIgniter->runController(Object(App\Controllers\InvoiceTracking\BankGuarantee))
 8 SYSTEMPATH/CodeIgniter.php(361): CodeIgniter\CodeIgniter->handleRequest(null, Object(Config\Cache), false)
 9 FCPATH/index.php(80): CodeIgniter\CodeIgniter->run()
ERROR - 2024-04-22 16:30:58 --> mysqli_sql_exception: Table 'c30077_004_meit.project_bg_history' doesn't exist in /var/www/c30077_004/htdocs/meilInvoiceTracker/system/Database/MySQLi/Connection.php:306
Stack trace:
#0 /var/www/c30077_004/htdocs/meilInvoiceTracker/system/Database/MySQLi/Connection.php(306): mysqli->query('INSERT INTO `pr...', 0)
#1 /var/www/c30077_004/htdocs/meilInvoiceTracker/system/Database/BaseConnection.php(693): CodeIgniter\Database\MySQLi\Connection->execute('INSERT INTO `pr...')
#2 /var/www/c30077_004/htdocs/meilInvoiceTracker/system/Database/BaseConnection.php(607): CodeIgniter\Database\BaseConnection->simpleQuery('INSERT INTO `pr...')
#3 /var/www/c30077_004/htdocs/meilInvoiceTracker/system/Database/BaseBuilder.php(2308): CodeIgniter\Database\BaseConnection->query('INSERT INTO `pr...', Array, false)
#4 /var/www/c30077_004/htdocs/meilInvoiceTracker/system/Model.php(319): CodeIgniter\Database\BaseBuilder->insert()
#5 /var/www/c30077_004/htdocs/meilInvoiceTracker/system/BaseModel.php(788): CodeIgniter\Model->doInsert(Array)
#6 /var/www/c30077_004/htdocs/meilInvoiceTracker/system/Model.php(715): CodeIgniter\BaseModel->insert(Array, true)
#7 /var/www/c30077_004/htdocs/meilInvoiceTracker/app/Controllers/InvoiceTracking/BankGuarantee.php(208): CodeIgniter\Model->insert(Array)
#8 /var/www/c30077_004/htdocs/meilInvoiceTracker/system/CodeIgniter.php(942): App\Controllers\InvoiceTracking\BankGuarantee->update('update')
#9 /var/www/c30077_004/htdocs/meilInvoiceTracker/system/CodeIgniter.php(502): CodeIgniter\CodeIgniter->runController(Object(App\Controllers\InvoiceTracking\BankGuarantee))
#10 /var/www/c30077_004/htdocs/meilInvoiceTracker/system/CodeIgniter.php(361): CodeIgniter\CodeIgniter->handleRequest(NULL, Object(Config\Cache), false)
#11 /var/www/c30077_004/htdocs/meilInvoiceTracker/public/index.php(80): CodeIgniter\CodeIgniter->run()
#12 {main}
CRITICAL - 2024-04-22 16:30:58 --> Table 'c30077_004_meit.project_bg_history' doesn't exist
in SYSTEMPATH/Database/BaseConnection.php on line 647.
 1 SYSTEMPATH/Database/BaseBuilder.php(2308): CodeIgniter\Database\BaseConnection->query('INSERT INTO `project_bg_history` (`type`, `name`, `bg_number`, `bg_bank`, `bg_amount`, `project_id`, `issue_date`, `valid_date`, `claim_date`, `note`, `updated_by`, `bg_file`, `bg_id`, `created_at`, `updated_at`) VALUES (:type:, :name:, :bg_number:, :bg_bank:, :bg_amount:, :project_id:, :issue_date:, :valid_date:, :claim_date:, :note:, :updated_by:, :bg_file:, :bg_id:, :created_at:, :updated_at:)', [...], false)
 2 SYSTEMPATH/Model.php(319): CodeIgniter\Database\BaseBuilder->insert()
 3 SYSTEMPATH/BaseModel.php(788): CodeIgniter\Model->doInsert([...])
 4 SYSTEMPATH/Model.php(715): CodeIgniter\BaseModel->insert([...], true)
 5 APPPATH/Controllers/InvoiceTracking/BankGuarantee.php(208): CodeIgniter\Model->insert([...])
 6 SYSTEMPATH/CodeIgniter.php(942): App\Controllers\InvoiceTracking\BankGuarantee->update('update')
 7 SYSTEMPATH/CodeIgniter.php(502): CodeIgniter\CodeIgniter->runController(Object(App\Controllers\InvoiceTracking\BankGuarantee))
 8 SYSTEMPATH/CodeIgniter.php(361): CodeIgniter\CodeIgniter->handleRequest(null, Object(Config\Cache), false)
 9 FCPATH/index.php(80): CodeIgniter\CodeIgniter->run()
ERROR - 2024-04-22 16:32:59 --> mysqli_sql_exception: Table 'c30077_004_meit.project_bg_history' doesn't exist in /var/www/c30077_004/htdocs/meilInvoiceTracker/system/Database/MySQLi/Connection.php:306
Stack trace:
#0 /var/www/c30077_004/htdocs/meilInvoiceTracker/system/Database/MySQLi/Connection.php(306): mysqli->query('INSERT INTO `pr...', 0)
#1 /var/www/c30077_004/htdocs/meilInvoiceTracker/system/Database/BaseConnection.php(693): CodeIgniter\Database\MySQLi\Connection->execute('INSERT INTO `pr...')
#2 /var/www/c30077_004/htdocs/meilInvoiceTracker/system/Database/BaseConnection.php(607): CodeIgniter\Database\BaseConnection->simpleQuery('INSERT INTO `pr...')
#3 /var/www/c30077_004/htdocs/meilInvoiceTracker/system/Database/BaseBuilder.php(2308): CodeIgniter\Database\BaseConnection->query('INSERT INTO `pr...', Array, false)
#4 /var/www/c30077_004/htdocs/meilInvoiceTracker/system/Model.php(319): CodeIgniter\Database\BaseBuilder->insert()
#5 /var/www/c30077_004/htdocs/meilInvoiceTracker/system/BaseModel.php(788): CodeIgniter\Model->doInsert(Array)
#6 /var/www/c30077_004/htdocs/meilInvoiceTracker/system/Model.php(715): CodeIgniter\BaseModel->insert(Array, true)
#7 /var/www/c30077_004/htdocs/meilInvoiceTracker/app/Controllers/InvoiceTracking/BankGuarantee.php(208): CodeIgniter\Model->insert(Array)
#8 /var/www/c30077_004/htdocs/meilInvoiceTracker/system/CodeIgniter.php(942): App\Controllers\InvoiceTracking\BankGuarantee->update('update')
#9 /var/www/c30077_004/htdocs/meilInvoiceTracker/system/CodeIgniter.php(502): CodeIgniter\CodeIgniter->runController(Object(App\Controllers\InvoiceTracking\BankGuarantee))
#10 /var/www/c30077_004/htdocs/meilInvoiceTracker/system/CodeIgniter.php(361): CodeIgniter\CodeIgniter->handleRequest(NULL, Object(Config\Cache), false)
#11 /var/www/c30077_004/htdocs/meilInvoiceTracker/public/index.php(80): CodeIgniter\CodeIgniter->run()
#12 {main}
CRITICAL - 2024-04-22 16:32:59 --> Table 'c30077_004_meit.project_bg_history' doesn't exist
in SYSTEMPATH/Database/BaseConnection.php on line 647.
 1 SYSTEMPATH/Database/BaseBuilder.php(2308): CodeIgniter\Database\BaseConnection->query('INSERT INTO `project_bg_history` (`type`, `name`, `bg_number`, `bg_bank`, `bg_amount`, `project_id`, `issue_date`, `valid_date`, `claim_date`, `note`, `updated_by`, `bg_file`, `bg_id`, `created_at`, `updated_at`) VALUES (:type:, :name:, :bg_number:, :bg_bank:, :bg_amount:, :project_id:, :issue_date:, :valid_date:, :claim_date:, :note:, :updated_by:, :bg_file:, :bg_id:, :created_at:, :updated_at:)', [...], false)
 2 SYSTEMPATH/Model.php(319): CodeIgniter\Database\BaseBuilder->insert()
 3 SYSTEMPATH/BaseModel.php(788): CodeIgniter\Model->doInsert([...])
 4 SYSTEMPATH/Model.php(715): CodeIgniter\BaseModel->insert([...], true)
 5 APPPATH/Controllers/InvoiceTracking/BankGuarantee.php(208): CodeIgniter\Model->insert([...])
 6 SYSTEMPATH/CodeIgniter.php(942): App\Controllers\InvoiceTracking\BankGuarantee->update('update')
 7 SYSTEMPATH/CodeIgniter.php(502): CodeIgniter\CodeIgniter->runController(Object(App\Controllers\InvoiceTracking\BankGuarantee))
 8 SYSTEMPATH/CodeIgniter.php(361): CodeIgniter\CodeIgniter->handleRequest(null, Object(Config\Cache), false)
 9 FCPATH/index.php(80): CodeIgniter\CodeIgniter->run()
ERROR - 2024-04-22 16:34:00 --> mysqli_sql_exception: Table 'c30077_004_meit.project_bg_history' doesn't exist in /var/www/c30077_004/htdocs/meilInvoiceTracker/system/Database/MySQLi/Connection.php:306
Stack trace:
#0 /var/www/c30077_004/htdocs/meilInvoiceTracker/system/Database/MySQLi/Connection.php(306): mysqli->query('INSERT INTO `pr...', 0)
#1 /var/www/c30077_004/htdocs/meilInvoiceTracker/system/Database/BaseConnection.php(693): CodeIgniter\Database\MySQLi\Connection->execute('INSERT INTO `pr...')
#2 /var/www/c30077_004/htdocs/meilInvoiceTracker/system/Database/BaseConnection.php(607): CodeIgniter\Database\BaseConnection->simpleQuery('INSERT INTO `pr...')
#3 /var/www/c30077_004/htdocs/meilInvoiceTracker/system/Database/BaseBuilder.php(2308): CodeIgniter\Database\BaseConnection->query('INSERT INTO `pr...', Array, false)
#4 /var/www/c30077_004/htdocs/meilInvoiceTracker/system/Model.php(319): CodeIgniter\Database\BaseBuilder->insert()
#5 /var/www/c30077_004/htdocs/meilInvoiceTracker/system/BaseModel.php(788): CodeIgniter\Model->doInsert(Array)
#6 /var/www/c30077_004/htdocs/meilInvoiceTracker/system/Model.php(715): CodeIgniter\BaseModel->insert(Array, true)
#7 /var/www/c30077_004/htdocs/meilInvoiceTracker/app/Controllers/InvoiceTracking/BankGuarantee.php(208): CodeIgniter\Model->insert(Array)
#8 /var/www/c30077_004/htdocs/meilInvoiceTracker/system/CodeIgniter.php(942): App\Controllers\InvoiceTracking\BankGuarantee->update('update')
#9 /var/www/c30077_004/htdocs/meilInvoiceTracker/system/CodeIgniter.php(502): CodeIgniter\CodeIgniter->runController(Object(App\Controllers\InvoiceTracking\BankGuarantee))
#10 /var/www/c30077_004/htdocs/meilInvoiceTracker/system/CodeIgniter.php(361): CodeIgniter\CodeIgniter->handleRequest(NULL, Object(Config\Cache), false)
#11 /var/www/c30077_004/htdocs/meilInvoiceTracker/public/index.php(80): CodeIgniter\CodeIgniter->run()
#12 {main}
CRITICAL - 2024-04-22 16:34:00 --> Table 'c30077_004_meit.project_bg_history' doesn't exist
in SYSTEMPATH/Database/BaseConnection.php on line 647.
 1 SYSTEMPATH/Database/BaseBuilder.php(2308): CodeIgniter\Database\BaseConnection->query('INSERT INTO `project_bg_history` (`type`, `name`, `bg_number`, `bg_bank`, `bg_amount`, `project_id`, `issue_date`, `valid_date`, `claim_date`, `note`, `updated_by`, `bg_file`, `bg_id`, `created_at`, `updated_at`) VALUES (:type:, :name:, :bg_number:, :bg_bank:, :bg_amount:, :project_id:, :issue_date:, :valid_date:, :claim_date:, :note:, :updated_by:, :bg_file:, :bg_id:, :created_at:, :updated_at:)', [...], false)
 2 SYSTEMPATH/Model.php(319): CodeIgniter\Database\BaseBuilder->insert()
 3 SYSTEMPATH/BaseModel.php(788): CodeIgniter\Model->doInsert([...])
 4 SYSTEMPATH/Model.php(715): CodeIgniter\BaseModel->insert([...], true)
 5 APPPATH/Controllers/InvoiceTracking/BankGuarantee.php(208): CodeIgniter\Model->insert([...])
 6 SYSTEMPATH/CodeIgniter.php(942): App\Controllers\InvoiceTracking\BankGuarantee->update('update')
 7 SYSTEMPATH/CodeIgniter.php(502): CodeIgniter\CodeIgniter->runController(Object(App\Controllers\InvoiceTracking\BankGuarantee))
 8 SYSTEMPATH/CodeIgniter.php(361): CodeIgniter\CodeIgniter->handleRequest(null, Object(Config\Cache), false)
 9 FCPATH/index.php(80): CodeIgniter\CodeIgniter->run()
ERROR - 2024-04-22 16:43:41 --> mysqli_sql_exception: Table 'c30077_004_meit.project_bg_history' doesn't exist in /var/www/c30077_004/htdocs/meilInvoiceTracker/system/Database/MySQLi/Connection.php:306
Stack trace:
#0 /var/www/c30077_004/htdocs/meilInvoiceTracker/system/Database/MySQLi/Connection.php(306): mysqli->query('INSERT INTO `pr...', 0)
#1 /var/www/c30077_004/htdocs/meilInvoiceTracker/system/Database/BaseConnection.php(693): CodeIgniter\Database\MySQLi\Connection->execute('INSERT INTO `pr...')
#2 /var/www/c30077_004/htdocs/meilInvoiceTracker/system/Database/BaseConnection.php(607): CodeIgniter\Database\BaseConnection->simpleQuery('INSERT INTO `pr...')
#3 /var/www/c30077_004/htdocs/meilInvoiceTracker/system/Database/BaseBuilder.php(2308): CodeIgniter\Database\BaseConnection->query('INSERT INTO `pr...', Array, false)
#4 /var/www/c30077_004/htdocs/meilInvoiceTracker/system/Model.php(319): CodeIgniter\Database\BaseBuilder->insert()
#5 /var/www/c30077_004/htdocs/meilInvoiceTracker/system/BaseModel.php(788): CodeIgniter\Model->doInsert(Array)
#6 /var/www/c30077_004/htdocs/meilInvoiceTracker/system/Model.php(715): CodeIgniter\BaseModel->insert(Array, true)
#7 /var/www/c30077_004/htdocs/meilInvoiceTracker/app/Controllers/InvoiceTracking/BankGuarantee.php(208): CodeIgniter\Model->insert(Array)
#8 /var/www/c30077_004/htdocs/meilInvoiceTracker/system/CodeIgniter.php(942): App\Controllers\InvoiceTracking\BankGuarantee->update('update')
#9 /var/www/c30077_004/htdocs/meilInvoiceTracker/system/CodeIgniter.php(502): CodeIgniter\CodeIgniter->runController(Object(App\Controllers\InvoiceTracking\BankGuarantee))
#10 /var/www/c30077_004/htdocs/meilInvoiceTracker/system/CodeIgniter.php(361): CodeIgniter\CodeIgniter->handleRequest(NULL, Object(Config\Cache), false)
#11 /var/www/c30077_004/htdocs/meilInvoiceTracker/public/index.php(80): CodeIgniter\CodeIgniter->run()
#12 {main}
CRITICAL - 2024-04-22 16:43:41 --> Table 'c30077_004_meit.project_bg_history' doesn't exist
in SYSTEMPATH/Database/BaseConnection.php on line 647.
 1 SYSTEMPATH/Database/BaseBuilder.php(2308): CodeIgniter\Database\BaseConnection->query('INSERT INTO `project_bg_history` (`type`, `name`, `bg_number`, `bg_bank`, `bg_amount`, `project_id`, `issue_date`, `valid_date`, `claim_date`, `note`, `updated_by`, `bg_file`, `bg_id`, `created_at`, `updated_at`) VALUES (:type:, :name:, :bg_number:, :bg_bank:, :bg_amount:, :project_id:, :issue_date:, :valid_date:, :claim_date:, :note:, :updated_by:, :bg_file:, :bg_id:, :created_at:, :updated_at:)', [...], false)
 2 SYSTEMPATH/Model.php(319): CodeIgniter\Database\BaseBuilder->insert()
 3 SYSTEMPATH/BaseModel.php(788): CodeIgniter\Model->doInsert([...])
 4 SYSTEMPATH/Model.php(715): CodeIgniter\BaseModel->insert([...], true)
 5 APPPATH/Controllers/InvoiceTracking/BankGuarantee.php(208): CodeIgniter\Model->insert([...])
 6 SYSTEMPATH/CodeIgniter.php(942): App\Controllers\InvoiceTracking\BankGuarantee->update('update')
 7 SYSTEMPATH/CodeIgniter.php(502): CodeIgniter\CodeIgniter->runController(Object(App\Controllers\InvoiceTracking\BankGuarantee))
 8 SYSTEMPATH/CodeIgniter.php(361): CodeIgniter\CodeIgniter->handleRequest(null, Object(Config\Cache), false)
 9 FCPATH/index.php(80): CodeIgniter\CodeIgniter->run()
ERROR - 2024-04-22 16:44:14 --> mysqli_sql_exception: Table 'c30077_004_meit.project_bg_history' doesn't exist in /var/www/c30077_004/htdocs/meilInvoiceTracker/system/Database/MySQLi/Connection.php:306
Stack trace:
#0 /var/www/c30077_004/htdocs/meilInvoiceTracker/system/Database/MySQLi/Connection.php(306): mysqli->query('INSERT INTO `pr...', 0)
#1 /var/www/c30077_004/htdocs/meilInvoiceTracker/system/Database/BaseConnection.php(693): CodeIgniter\Database\MySQLi\Connection->execute('INSERT INTO `pr...')
#2 /var/www/c30077_004/htdocs/meilInvoiceTracker/system/Database/BaseConnection.php(607): CodeIgniter\Database\BaseConnection->simpleQuery('INSERT INTO `pr...')
#3 /var/www/c30077_004/htdocs/meilInvoiceTracker/system/Database/BaseBuilder.php(2308): CodeIgniter\Database\BaseConnection->query('INSERT INTO `pr...', Array, false)
#4 /var/www/c30077_004/htdocs/meilInvoiceTracker/system/Model.php(319): CodeIgniter\Database\BaseBuilder->insert()
#5 /var/www/c30077_004/htdocs/meilInvoiceTracker/system/BaseModel.php(788): CodeIgniter\Model->doInsert(Array)
#6 /var/www/c30077_004/htdocs/meilInvoiceTracker/system/Model.php(715): CodeIgniter\BaseModel->insert(Array, true)
#7 /var/www/c30077_004/htdocs/meilInvoiceTracker/app/Controllers/InvoiceTracking/BankGuarantee.php(208): CodeIgniter\Model->insert(Array)
#8 /var/www/c30077_004/htdocs/meilInvoiceTracker/system/CodeIgniter.php(942): App\Controllers\InvoiceTracking\BankGuarantee->update('update')
#9 /var/www/c30077_004/htdocs/meilInvoiceTracker/system/CodeIgniter.php(502): CodeIgniter\CodeIgniter->runController(Object(App\Controllers\InvoiceTracking\BankGuarantee))
#10 /var/www/c30077_004/htdocs/meilInvoiceTracker/system/CodeIgniter.php(361): CodeIgniter\CodeIgniter->handleRequest(NULL, Object(Config\Cache), false)
#11 /var/www/c30077_004/htdocs/meilInvoiceTracker/public/index.php(80): CodeIgniter\CodeIgniter->run()
#12 {main}
CRITICAL - 2024-04-22 16:44:14 --> Table 'c30077_004_meit.project_bg_history' doesn't exist
in SYSTEMPATH/Database/BaseConnection.php on line 647.
 1 SYSTEMPATH/Database/BaseBuilder.php(2308): CodeIgniter\Database\BaseConnection->query('INSERT INTO `project_bg_history` (`type`, `name`, `bg_number`, `bg_bank`, `bg_amount`, `project_id`, `issue_date`, `valid_date`, `claim_date`, `note`, `updated_by`, `bg_file`, `bg_id`, `created_at`, `updated_at`) VALUES (:type:, :name:, :bg_number:, :bg_bank:, :bg_amount:, :project_id:, :issue_date:, :valid_date:, :claim_date:, :note:, :updated_by:, :bg_file:, :bg_id:, :created_at:, :updated_at:)', [...], false)
 2 SYSTEMPATH/Model.php(319): CodeIgniter\Database\BaseBuilder->insert()
 3 SYSTEMPATH/BaseModel.php(788): CodeIgniter\Model->doInsert([...])
 4 SYSTEMPATH/Model.php(715): CodeIgniter\BaseModel->insert([...], true)
 5 APPPATH/Controllers/InvoiceTracking/BankGuarantee.php(208): CodeIgniter\Model->insert([...])
 6 SYSTEMPATH/CodeIgniter.php(942): App\Controllers\InvoiceTracking\BankGuarantee->update('update')
 7 SYSTEMPATH/CodeIgniter.php(502): CodeIgniter\CodeIgniter->runController(Object(App\Controllers\InvoiceTracking\BankGuarantee))
 8 SYSTEMPATH/CodeIgniter.php(361): CodeIgniter\CodeIgniter->handleRequest(null, Object(Config\Cache), false)
 9 FCPATH/index.php(80): CodeIgniter\CodeIgniter->run()
ERROR - 2024-04-22 16:51:27 --> mysqli_sql_exception: Table 'c30077_004_meit.project_bg_history' doesn't exist in /var/www/c30077_004/htdocs/meilInvoiceTracker/system/Database/MySQLi/Connection.php:306
Stack trace:
#0 /var/www/c30077_004/htdocs/meilInvoiceTracker/system/Database/MySQLi/Connection.php(306): mysqli->query('INSERT INTO `pr...', 0)
#1 /var/www/c30077_004/htdocs/meilInvoiceTracker/system/Database/BaseConnection.php(693): CodeIgniter\Database\MySQLi\Connection->execute('INSERT INTO `pr...')
#2 /var/www/c30077_004/htdocs/meilInvoiceTracker/system/Database/BaseConnection.php(607): CodeIgniter\Database\BaseConnection->simpleQuery('INSERT INTO `pr...')
#3 /var/www/c30077_004/htdocs/meilInvoiceTracker/system/Database/BaseBuilder.php(2308): CodeIgniter\Database\BaseConnection->query('INSERT INTO `pr...', Array, false)
#4 /var/www/c30077_004/htdocs/meilInvoiceTracker/system/Model.php(319): CodeIgniter\Database\BaseBuilder->insert()
#5 /var/www/c30077_004/htdocs/meilInvoiceTracker/system/BaseModel.php(788): CodeIgniter\Model->doInsert(Array)
#6 /var/www/c30077_004/htdocs/meilInvoiceTracker/system/Model.php(715): CodeIgniter\BaseModel->insert(Array, true)
#7 /var/www/c30077_004/htdocs/meilInvoiceTracker/app/Controllers/InvoiceTracking/BankGuarantee.php(208): CodeIgniter\Model->insert(Array)
#8 /var/www/c30077_004/htdocs/meilInvoiceTracker/system/CodeIgniter.php(942): App\Controllers\InvoiceTracking\BankGuarantee->update('update')
#9 /var/www/c30077_004/htdocs/meilInvoiceTracker/system/CodeIgniter.php(502): CodeIgniter\CodeIgniter->runController(Object(App\Controllers\InvoiceTracking\BankGuarantee))
#10 /var/www/c30077_004/htdocs/meilInvoiceTracker/system/CodeIgniter.php(361): CodeIgniter\CodeIgniter->handleRequest(NULL, Object(Config\Cache), false)
#11 /var/www/c30077_004/htdocs/meilInvoiceTracker/public/index.php(80): CodeIgniter\CodeIgniter->run()
#12 {main}
CRITICAL - 2024-04-22 16:51:27 --> Table 'c30077_004_meit.project_bg_history' doesn't exist
in SYSTEMPATH/Database/BaseConnection.php on line 647.
 1 SYSTEMPATH/Database/BaseBuilder.php(2308): CodeIgniter\Database\BaseConnection->query('INSERT INTO `project_bg_history` (`type`, `name`, `bg_number`, `bg_bank`, `bg_amount`, `project_id`, `issue_date`, `valid_date`, `claim_date`, `note`, `updated_by`, `bg_file`, `bg_id`, `created_at`, `updated_at`) VALUES (:type:, :name:, :bg_number:, :bg_bank:, :bg_amount:, :project_id:, :issue_date:, :valid_date:, :claim_date:, :note:, :updated_by:, :bg_file:, :bg_id:, :created_at:, :updated_at:)', [...], false)
 2 SYSTEMPATH/Model.php(319): CodeIgniter\Database\BaseBuilder->insert()
 3 SYSTEMPATH/BaseModel.php(788): CodeIgniter\Model->doInsert([...])
 4 SYSTEMPATH/Model.php(715): CodeIgniter\BaseModel->insert([...], true)
 5 APPPATH/Controllers/InvoiceTracking/BankGuarantee.php(208): CodeIgniter\Model->insert([...])
 6 SYSTEMPATH/CodeIgniter.php(942): App\Controllers\InvoiceTracking\BankGuarantee->update('update')
 7 SYSTEMPATH/CodeIgniter.php(502): CodeIgniter\CodeIgniter->runController(Object(App\Controllers\InvoiceTracking\BankGuarantee))
 8 SYSTEMPATH/CodeIgniter.php(361): CodeIgniter\CodeIgniter->handleRequest(null, Object(Config\Cache), false)
 9 FCPATH/index.php(80): CodeIgniter\CodeIgniter->run()
ERROR - 2024-04-22 16:53:17 --> mysqli_sql_exception: Table 'c30077_004_meit.project_bg_history' doesn't exist in /var/www/c30077_004/htdocs/meilInvoiceTracker/system/Database/MySQLi/Connection.php:306
Stack trace:
#0 /var/www/c30077_004/htdocs/meilInvoiceTracker/system/Database/MySQLi/Connection.php(306): mysqli->query('INSERT INTO `pr...', 0)
#1 /var/www/c30077_004/htdocs/meilInvoiceTracker/system/Database/BaseConnection.php(693): CodeIgniter\Database\MySQLi\Connection->execute('INSERT INTO `pr...')
#2 /var/www/c30077_004/htdocs/meilInvoiceTracker/system/Database/BaseConnection.php(607): CodeIgniter\Database\BaseConnection->simpleQuery('INSERT INTO `pr...')
#3 /var/www/c30077_004/htdocs/meilInvoiceTracker/system/Database/BaseBuilder.php(2308): CodeIgniter\Database\BaseConnection->query('INSERT INTO `pr...', Array, false)
#4 /var/www/c30077_004/htdocs/meilInvoiceTracker/system/Model.php(319): CodeIgniter\Database\BaseBuilder->insert()
#5 /var/www/c30077_004/htdocs/meilInvoiceTracker/system/BaseModel.php(788): CodeIgniter\Model->doInsert(Array)
#6 /var/www/c30077_004/htdocs/meilInvoiceTracker/system/Model.php(715): CodeIgniter\BaseModel->insert(Array, true)
#7 /var/www/c30077_004/htdocs/meilInvoiceTracker/app/Controllers/InvoiceTracking/BankGuarantee.php(208): CodeIgniter\Model->insert(Array)
#8 /var/www/c30077_004/htdocs/meilInvoiceTracker/system/CodeIgniter.php(942): App\Controllers\InvoiceTracking\BankGuarantee->update('update')
#9 /var/www/c30077_004/htdocs/meilInvoiceTracker/system/CodeIgniter.php(502): CodeIgniter\CodeIgniter->runController(Object(App\Controllers\InvoiceTracking\BankGuarantee))
#10 /var/www/c30077_004/htdocs/meilInvoiceTracker/system/CodeIgniter.php(361): CodeIgniter\CodeIgniter->handleRequest(NULL, Object(Config\Cache), false)
#11 /var/www/c30077_004/htdocs/meilInvoiceTracker/public/index.php(80): CodeIgniter\CodeIgniter->run()
#12 {main}
CRITICAL - 2024-04-22 16:53:17 --> Table 'c30077_004_meit.project_bg_history' doesn't exist
in SYSTEMPATH/Database/BaseConnection.php on line 647.
 1 SYSTEMPATH/Database/BaseBuilder.php(2308): CodeIgniter\Database\BaseConnection->query('INSERT INTO `project_bg_history` (`type`, `name`, `bg_number`, `bg_bank`, `bg_amount`, `project_id`, `issue_date`, `valid_date`, `claim_date`, `note`, `updated_by`, `bg_file`, `bg_id`, `created_at`, `updated_at`) VALUES (:type:, :name:, :bg_number:, :bg_bank:, :bg_amount:, :project_id:, :issue_date:, :valid_date:, :claim_date:, :note:, :updated_by:, :bg_file:, :bg_id:, :created_at:, :updated_at:)', [...], false)
 2 SYSTEMPATH/Model.php(319): CodeIgniter\Database\BaseBuilder->insert()
 3 SYSTEMPATH/BaseModel.php(788): CodeIgniter\Model->doInsert([...])
 4 SYSTEMPATH/Model.php(715): CodeIgniter\BaseModel->insert([...], true)
 5 APPPATH/Controllers/InvoiceTracking/BankGuarantee.php(208): CodeIgniter\Model->insert([...])
 6 SYSTEMPATH/CodeIgniter.php(942): App\Controllers\InvoiceTracking\BankGuarantee->update('update')
 7 SYSTEMPATH/CodeIgniter.php(502): CodeIgniter\CodeIgniter->runController(Object(App\Controllers\InvoiceTracking\BankGuarantee))
 8 SYSTEMPATH/CodeIgniter.php(361): CodeIgniter\CodeIgniter->handleRequest(null, Object(Config\Cache), false)
 9 FCPATH/index.php(80): CodeIgniter\CodeIgniter->run()
ERROR - 2024-04-22 16:59:14 --> mysqli_sql_exception: Table 'c30077_004_meit.project_bg_history' doesn't exist in /var/www/c30077_004/htdocs/meilInvoiceTracker/system/Database/MySQLi/Connection.php:306
Stack trace:
#0 /var/www/c30077_004/htdocs/meilInvoiceTracker/system/Database/MySQLi/Connection.php(306): mysqli->query('INSERT INTO `pr...', 0)
#1 /var/www/c30077_004/htdocs/meilInvoiceTracker/system/Database/BaseConnection.php(693): CodeIgniter\Database\MySQLi\Connection->execute('INSERT INTO `pr...')
#2 /var/www/c30077_004/htdocs/meilInvoiceTracker/system/Database/BaseConnection.php(607): CodeIgniter\Database\BaseConnection->simpleQuery('INSERT INTO `pr...')
#3 /var/www/c30077_004/htdocs/meilInvoiceTracker/system/Database/BaseBuilder.php(2308): CodeIgniter\Database\BaseConnection->query('INSERT INTO `pr...', Array, false)
#4 /var/www/c30077_004/htdocs/meilInvoiceTracker/system/Model.php(319): CodeIgniter\Database\BaseBuilder->insert()
#5 /var/www/c30077_004/htdocs/meilInvoiceTracker/system/BaseModel.php(788): CodeIgniter\Model->doInsert(Array)
#6 /var/www/c30077_004/htdocs/meilInvoiceTracker/system/Model.php(715): CodeIgniter\BaseModel->insert(Array, true)
#7 /var/www/c30077_004/htdocs/meilInvoiceTracker/app/Controllers/InvoiceTracking/BankGuarantee.php(208): CodeIgniter\Model->insert(Array)
#8 /var/www/c30077_004/htdocs/meilInvoiceTracker/system/CodeIgniter.php(942): App\Controllers\InvoiceTracking\BankGuarantee->update('update')
#9 /var/www/c30077_004/htdocs/meilInvoiceTracker/system/CodeIgniter.php(502): CodeIgniter\CodeIgniter->runController(Object(App\Controllers\InvoiceTracking\BankGuarantee))
#10 /var/www/c30077_004/htdocs/meilInvoiceTracker/system/CodeIgniter.php(361): CodeIgniter\CodeIgniter->handleRequest(NULL, Object(Config\Cache), false)
#11 /var/www/c30077_004/htdocs/meilInvoiceTracker/public/index.php(80): CodeIgniter\CodeIgniter->run()
#12 {main}
CRITICAL - 2024-04-22 16:59:14 --> Table 'c30077_004_meit.project_bg_history' doesn't exist
in SYSTEMPATH/Database/BaseConnection.php on line 647.
 1 SYSTEMPATH/Database/BaseBuilder.php(2308): CodeIgniter\Database\BaseConnection->query('INSERT INTO `project_bg_history` (`type`, `name`, `bg_number`, `bg_bank`, `bg_amount`, `project_id`, `issue_date`, `valid_date`, `claim_date`, `note`, `updated_by`, `bg_id`, `created_at`, `updated_at`) VALUES (:type:, :name:, :bg_number:, :bg_bank:, :bg_amount:, :project_id:, :issue_date:, :valid_date:, :claim_date:, :note:, :updated_by:, :bg_id:, :created_at:, :updated_at:)', [...], false)
 2 SYSTEMPATH/Model.php(319): CodeIgniter\Database\BaseBuilder->insert()
 3 SYSTEMPATH/BaseModel.php(788): CodeIgniter\Model->doInsert([...])
 4 SYSTEMPATH/Model.php(715): CodeIgniter\BaseModel->insert([...], true)
 5 APPPATH/Controllers/InvoiceTracking/BankGuarantee.php(208): CodeIgniter\Model->insert([...])
 6 SYSTEMPATH/CodeIgniter.php(942): App\Controllers\InvoiceTracking\BankGuarantee->update('update')
 7 SYSTEMPATH/CodeIgniter.php(502): CodeIgniter\CodeIgniter->runController(Object(App\Controllers\InvoiceTracking\BankGuarantee))
 8 SYSTEMPATH/CodeIgniter.php(361): CodeIgniter\CodeIgniter->handleRequest(null, Object(Config\Cache), false)
 9 FCPATH/index.php(80): CodeIgniter\CodeIgniter->run()
ERROR - 2024-04-22 17:24:06 --> mysqli_sql_exception: Table 'c30077_004_meit.project_bg_history' doesn't exist in /var/www/c30077_004/htdocs/meilInvoiceTracker/system/Database/MySQLi/Connection.php:306
Stack trace:
#0 /var/www/c30077_004/htdocs/meilInvoiceTracker/system/Database/MySQLi/Connection.php(306): mysqli->query('INSERT INTO `pr...', 0)
#1 /var/www/c30077_004/htdocs/meilInvoiceTracker/system/Database/BaseConnection.php(693): CodeIgniter\Database\MySQLi\Connection->execute('INSERT INTO `pr...')
#2 /var/www/c30077_004/htdocs/meilInvoiceTracker/system/Database/BaseConnection.php(607): CodeIgniter\Database\BaseConnection->simpleQuery('INSERT INTO `pr...')
#3 /var/www/c30077_004/htdocs/meilInvoiceTracker/system/Database/BaseBuilder.php(2308): CodeIgniter\Database\BaseConnection->query('INSERT INTO `pr...', Array, false)
#4 /var/www/c30077_004/htdocs/meilInvoiceTracker/system/Model.php(319): CodeIgniter\Database\BaseBuilder->insert()
#5 /var/www/c30077_004/htdocs/meilInvoiceTracker/system/BaseModel.php(788): CodeIgniter\Model->doInsert(Array)
#6 /var/www/c30077_004/htdocs/meilInvoiceTracker/system/Model.php(715): CodeIgniter\BaseModel->insert(Array, true)
#7 /var/www/c30077_004/htdocs/meilInvoiceTracker/app/Controllers/InvoiceTracking/BankGuarantee.php(208): CodeIgniter\Model->insert(Array)
#8 /var/www/c30077_004/htdocs/meilInvoiceTracker/system/CodeIgniter.php(942): App\Controllers\InvoiceTracking\BankGuarantee->update('update')
#9 /var/www/c30077_004/htdocs/meilInvoiceTracker/system/CodeIgniter.php(502): CodeIgniter\CodeIgniter->runController(Object(App\Controllers\InvoiceTracking\BankGuarantee))
#10 /var/www/c30077_004/htdocs/meilInvoiceTracker/system/CodeIgniter.php(361): CodeIgniter\CodeIgniter->handleRequest(NULL, Object(Config\Cache), false)
#11 /var/www/c30077_004/htdocs/meilInvoiceTracker/public/index.php(80): CodeIgniter\CodeIgniter->run()
#12 {main}
CRITICAL - 2024-04-22 17:24:06 --> Table 'c30077_004_meit.project_bg_history' doesn't exist
in SYSTEMPATH/Database/BaseConnection.php on line 647.
 1 SYSTEMPATH/Database/BaseBuilder.php(2308): CodeIgniter\Database\BaseConnection->query('INSERT INTO `project_bg_history` (`type`, `name`, `bg_number`, `bg_bank`, `bg_amount`, `project_id`, `issue_date`, `valid_date`, `claim_date`, `note`, `updated_by`, `bg_file`, `bg_id`, `created_at`, `updated_at`) VALUES (:type:, :name:, :bg_number:, :bg_bank:, :bg_amount:, :project_id:, :issue_date:, :valid_date:, :claim_date:, :note:, :updated_by:, :bg_file:, :bg_id:, :created_at:, :updated_at:)', [...], false)
 2 SYSTEMPATH/Model.php(319): CodeIgniter\Database\BaseBuilder->insert()
 3 SYSTEMPATH/BaseModel.php(788): CodeIgniter\Model->doInsert([...])
 4 SYSTEMPATH/Model.php(715): CodeIgniter\BaseModel->insert([...], true)
 5 APPPATH/Controllers/InvoiceTracking/BankGuarantee.php(208): CodeIgniter\Model->insert([...])
 6 SYSTEMPATH/CodeIgniter.php(942): App\Controllers\InvoiceTracking\BankGuarantee->update('update')
 7 SYSTEMPATH/CodeIgniter.php(502): CodeIgniter\CodeIgniter->runController(Object(App\Controllers\InvoiceTracking\BankGuarantee))
 8 SYSTEMPATH/CodeIgniter.php(361): CodeIgniter\CodeIgniter->handleRequest(null, Object(Config\Cache), false)
 9 FCPATH/index.php(80): CodeIgniter\CodeIgniter->run()
ERROR - 2024-04-22 17:24:54 --> mysqli_sql_exception: Table 'c30077_004_meit.project_bg_history' doesn't exist in /var/www/c30077_004/htdocs/meilInvoiceTracker/system/Database/MySQLi/Connection.php:306
Stack trace:
#0 /var/www/c30077_004/htdocs/meilInvoiceTracker/system/Database/MySQLi/Connection.php(306): mysqli->query('INSERT INTO `pr...', 0)
#1 /var/www/c30077_004/htdocs/meilInvoiceTracker/system/Database/BaseConnection.php(693): CodeIgniter\Database\MySQLi\Connection->execute('INSERT INTO `pr...')
#2 /var/www/c30077_004/htdocs/meilInvoiceTracker/system/Database/BaseConnection.php(607): CodeIgniter\Database\BaseConnection->simpleQuery('INSERT INTO `pr...')
#3 /var/www/c30077_004/htdocs/meilInvoiceTracker/system/Database/BaseBuilder.php(2308): CodeIgniter\Database\BaseConnection->query('INSERT INTO `pr...', Array, false)
#4 /var/www/c30077_004/htdocs/meilInvoiceTracker/system/Model.php(319): CodeIgniter\Database\BaseBuilder->insert()
#5 /var/www/c30077_004/htdocs/meilInvoiceTracker/system/BaseModel.php(788): CodeIgniter\Model->doInsert(Array)
#6 /var/www/c30077_004/htdocs/meilInvoiceTracker/system/Model.php(715): CodeIgniter\BaseModel->insert(Array, true)
#7 /var/www/c30077_004/htdocs/meilInvoiceTracker/app/Controllers/InvoiceTracking/BankGuarantee.php(208): CodeIgniter\Model->insert(Array)
#8 /var/www/c30077_004/htdocs/meilInvoiceTracker/system/CodeIgniter.php(942): App\Controllers\InvoiceTracking\BankGuarantee->update('update')
#9 /var/www/c30077_004/htdocs/meilInvoiceTracker/system/CodeIgniter.php(502): CodeIgniter\CodeIgniter->runController(Object(App\Controllers\InvoiceTracking\BankGuarantee))
#10 /var/www/c30077_004/htdocs/meilInvoiceTracker/system/CodeIgniter.php(361): CodeIgniter\CodeIgniter->handleRequest(NULL, Object(Config\Cache), false)
#11 /var/www/c30077_004/htdocs/meilInvoiceTracker/public/index.php(80): CodeIgniter\CodeIgniter->run()
#12 {main}
CRITICAL - 2024-04-22 17:24:54 --> Table 'c30077_004_meit.project_bg_history' doesn't exist
in SYSTEMPATH/Database/BaseConnection.php on line 647.
 1 SYSTEMPATH/Database/BaseBuilder.php(2308): CodeIgniter\Database\BaseConnection->query('INSERT INTO `project_bg_history` (`type`, `name`, `bg_number`, `bg_bank`, `bg_amount`, `project_id`, `issue_date`, `valid_date`, `claim_date`, `note`, `updated_by`, `bg_file`, `bg_id`, `created_at`, `updated_at`) VALUES (:type:, :name:, :bg_number:, :bg_bank:, :bg_amount:, :project_id:, :issue_date:, :valid_date:, :claim_date:, :note:, :updated_by:, :bg_file:, :bg_id:, :created_at:, :updated_at:)', [...], false)
 2 SYSTEMPATH/Model.php(319): CodeIgniter\Database\BaseBuilder->insert()
 3 SYSTEMPATH/BaseModel.php(788): CodeIgniter\Model->doInsert([...])
 4 SYSTEMPATH/Model.php(715): CodeIgniter\BaseModel->insert([...], true)
 5 APPPATH/Controllers/InvoiceTracking/BankGuarantee.php(208): CodeIgniter\Model->insert([...])
 6 SYSTEMPATH/CodeIgniter.php(942): App\Controllers\InvoiceTracking\BankGuarantee->update('update')
 7 SYSTEMPATH/CodeIgniter.php(502): CodeIgniter\CodeIgniter->runController(Object(App\Controllers\InvoiceTracking\BankGuarantee))
 8 SYSTEMPATH/CodeIgniter.php(361): CodeIgniter\CodeIgniter->handleRequest(null, Object(Config\Cache), false)
 9 FCPATH/index.php(80): CodeIgniter\CodeIgniter->run()
ERROR - 2024-04-22 17:25:30 --> mysqli_sql_exception: Table 'c30077_004_meit.project_bg_history' doesn't exist in /var/www/c30077_004/htdocs/meilInvoiceTracker/system/Database/MySQLi/Connection.php:306
Stack trace:
#0 /var/www/c30077_004/htdocs/meilInvoiceTracker/system/Database/MySQLi/Connection.php(306): mysqli->query('INSERT INTO `pr...', 0)
#1 /var/www/c30077_004/htdocs/meilInvoiceTracker/system/Database/BaseConnection.php(693): CodeIgniter\Database\MySQLi\Connection->execute('INSERT INTO `pr...')
#2 /var/www/c30077_004/htdocs/meilInvoiceTracker/system/Database/BaseConnection.php(607): CodeIgniter\Database\BaseConnection->simpleQuery('INSERT INTO `pr...')
#3 /var/www/c30077_004/htdocs/meilInvoiceTracker/system/Database/BaseBuilder.php(2308): CodeIgniter\Database\BaseConnection->query('INSERT INTO `pr...', Array, false)
#4 /var/www/c30077_004/htdocs/meilInvoiceTracker/system/Model.php(319): CodeIgniter\Database\BaseBuilder->insert()
#5 /var/www/c30077_004/htdocs/meilInvoiceTracker/system/BaseModel.php(788): CodeIgniter\Model->doInsert(Array)
#6 /var/www/c30077_004/htdocs/meilInvoiceTracker/system/Model.php(715): CodeIgniter\BaseModel->insert(Array, true)
#7 /var/www/c30077_004/htdocs/meilInvoiceTracker/app/Controllers/InvoiceTracking/BankGuarantee.php(208): CodeIgniter\Model->insert(Array)
#8 /var/www/c30077_004/htdocs/meilInvoiceTracker/system/CodeIgniter.php(942): App\Controllers\InvoiceTracking\BankGuarantee->update('update')
#9 /var/www/c30077_004/htdocs/meilInvoiceTracker/system/CodeIgniter.php(502): CodeIgniter\CodeIgniter->runController(Object(App\Controllers\InvoiceTracking\BankGuarantee))
#10 /var/www/c30077_004/htdocs/meilInvoiceTracker/system/CodeIgniter.php(361): CodeIgniter\CodeIgniter->handleRequest(NULL, Object(Config\Cache), false)
#11 /var/www/c30077_004/htdocs/meilInvoiceTracker/public/index.php(80): CodeIgniter\CodeIgniter->run()
#12 {main}
CRITICAL - 2024-04-22 17:25:30 --> Table 'c30077_004_meit.project_bg_history' doesn't exist
in SYSTEMPATH/Database/BaseConnection.php on line 647.
 1 SYSTEMPATH/Database/BaseBuilder.php(2308): CodeIgniter\Database\BaseConnection->query('INSERT INTO `project_bg_history` (`type`, `name`, `bg_number`, `bg_bank`, `bg_amount`, `project_id`, `issue_date`, `valid_date`, `claim_date`, `note`, `updated_by`, `bg_id`, `created_at`, `updated_at`) VALUES (:type:, :name:, :bg_number:, :bg_bank:, :bg_amount:, :project_id:, :issue_date:, :valid_date:, :claim_date:, :note:, :updated_by:, :bg_id:, :created_at:, :updated_at:)', [...], false)
 2 SYSTEMPATH/Model.php(319): CodeIgniter\Database\BaseBuilder->insert()
 3 SYSTEMPATH/BaseModel.php(788): CodeIgniter\Model->doInsert([...])
 4 SYSTEMPATH/Model.php(715): CodeIgniter\BaseModel->insert([...], true)
 5 APPPATH/Controllers/InvoiceTracking/BankGuarantee.php(208): CodeIgniter\Model->insert([...])
 6 SYSTEMPATH/CodeIgniter.php(942): App\Controllers\InvoiceTracking\BankGuarantee->update('update')
 7 SYSTEMPATH/CodeIgniter.php(502): CodeIgniter\CodeIgniter->runController(Object(App\Controllers\InvoiceTracking\BankGuarantee))
 8 SYSTEMPATH/CodeIgniter.php(361): CodeIgniter\CodeIgniter->handleRequest(null, Object(Config\Cache), false)
 9 FCPATH/index.php(80): CodeIgniter\CodeIgniter->run()
ERROR - 2024-04-22 17:25:44 --> mysqli_sql_exception: Table 'c30077_004_meit.project_bg_history' doesn't exist in /var/www/c30077_004/htdocs/meilInvoiceTracker/system/Database/MySQLi/Connection.php:306
Stack trace:
#0 /var/www/c30077_004/htdocs/meilInvoiceTracker/system/Database/MySQLi/Connection.php(306): mysqli->query('INSERT INTO `pr...', 0)
#1 /var/www/c30077_004/htdocs/meilInvoiceTracker/system/Database/BaseConnection.php(693): CodeIgniter\Database\MySQLi\Connection->execute('INSERT INTO `pr...')
#2 /var/www/c30077_004/htdocs/meilInvoiceTracker/system/Database/BaseConnection.php(607): CodeIgniter\Database\BaseConnection->simpleQuery('INSERT INTO `pr...')
#3 /var/www/c30077_004/htdocs/meilInvoiceTracker/system/Database/BaseBuilder.php(2308): CodeIgniter\Database\BaseConnection->query('INSERT INTO `pr...', Array, false)
#4 /var/www/c30077_004/htdocs/meilInvoiceTracker/system/Model.php(319): CodeIgniter\Database\BaseBuilder->insert()
#5 /var/www/c30077_004/htdocs/meilInvoiceTracker/system/BaseModel.php(788): CodeIgniter\Model->doInsert(Array)
#6 /var/www/c30077_004/htdocs/meilInvoiceTracker/system/Model.php(715): CodeIgniter\BaseModel->insert(Array, true)
#7 /var/www/c30077_004/htdocs/meilInvoiceTracker/app/Controllers/InvoiceTracking/BankGuarantee.php(117): CodeIgniter\Model->insert(Array)
#8 /var/www/c30077_004/htdocs/meilInvoiceTracker/system/CodeIgniter.php(942): App\Controllers\InvoiceTracking\BankGuarantee->create('create')
#9 /var/www/c30077_004/htdocs/meilInvoiceTracker/system/CodeIgniter.php(502): CodeIgniter\CodeIgniter->runController(Object(App\Controllers\InvoiceTracking\BankGuarantee))
#10 /var/www/c30077_004/htdocs/meilInvoiceTracker/system/CodeIgniter.php(361): CodeIgniter\CodeIgniter->handleRequest(NULL, Object(Config\Cache), false)
#11 /var/www/c30077_004/htdocs/meilInvoiceTracker/public/index.php(80): CodeIgniter\CodeIgniter->run()
#12 {main}
CRITICAL - 2024-04-22 17:25:44 --> Table 'c30077_004_meit.project_bg_history' doesn't exist
in SYSTEMPATH/Database/BaseConnection.php on line 647.
 1 SYSTEMPATH/Database/BaseBuilder.php(2308): CodeIgniter\Database\BaseConnection->query('INSERT INTO `project_bg_history` (`type`, `name`, `bg_number`, `bg_bank`, `bg_amount`, `project_id`, `issue_date`, `valid_date`, `claim_date`, `bg_file`, `note`, `created_by`, `bg_id`, `created_at`, `updated_at`) VALUES (:type:, :name:, :bg_number:, :bg_bank:, :bg_amount:, :project_id:, :issue_date:, :valid_date:, :claim_date:, :bg_file:, :note:, :created_by:, :bg_id:, :created_at:, :updated_at:)', [...], false)
 2 SYSTEMPATH/Model.php(319): CodeIgniter\Database\BaseBuilder->insert()
 3 SYSTEMPATH/BaseModel.php(788): CodeIgniter\Model->doInsert([...])
 4 SYSTEMPATH/Model.php(715): CodeIgniter\BaseModel->insert([...], true)
 5 APPPATH/Controllers/InvoiceTracking/BankGuarantee.php(117): CodeIgniter\Model->insert([...])
 6 SYSTEMPATH/CodeIgniter.php(942): App\Controllers\InvoiceTracking\BankGuarantee->create('create')
 7 SYSTEMPATH/CodeIgniter.php(502): CodeIgniter\CodeIgniter->runController(Object(App\Controllers\InvoiceTracking\BankGuarantee))
 8 SYSTEMPATH/CodeIgniter.php(361): CodeIgniter\CodeIgniter->handleRequest(null, Object(Config\Cache), false)
 9 FCPATH/index.php(80): CodeIgniter\CodeIgniter->run()
